<?xml version="1.0" encoding="UTF-8"?>
<testsuite name="gov.usgs.earthquake.indexer.IndexerTest" tests="18" skipped="0" failures="0" errors="0" timestamp="2019-08-05T22:07:20" hostname="igskcicgwsgm015" time="7.993">
  <properties/>
  <testcase name="testPersistentTrump" classname="gov.usgs.earthquake.indexer.IndexerTest" time="0.474"/>
  <testcase name="onProductNewTest" classname="gov.usgs.earthquake.indexer.IndexerTest" time="0.128"/>
  <testcase name="testTrump" classname="gov.usgs.earthquake.indexer.IndexerTest" time="0.258"/>
  <testcase name="getModuleTest" classname="gov.usgs.earthquake.indexer.IndexerTest" time="0.009"/>
  <testcase name="onProductUnassociatedTest" classname="gov.usgs.earthquake.indexer.IndexerTest" time="0.066"/>
  <testcase name="mergeEventsFromSameSourceUsingAssociate" classname="gov.usgs.earthquake.indexer.IndexerTest" time="0.185"/>
  <testcase name="mergeEventsFromSameSourceByDeletingSecondCodeFromSameSource" classname="gov.usgs.earthquake.indexer.IndexerTest" time="0.24"/>
  <testcase name="indexCleanupThreadTest" classname="gov.usgs.earthquake.indexer.IndexerTest" time="2.516"/>
  <testcase name="eventArchiveIssue" classname="gov.usgs.earthquake.indexer.IndexerTest" time="2.206"/>
  <testcase name="mergeLocationsUsingAssociate" classname="gov.usgs.earthquake.indexer.IndexerTest" time="0.186"/>
  <testcase name="onProductMergeTest1" classname="gov.usgs.earthquake.indexer.IndexerTest" time="0.18"/>
  <testcase name="onProductMergeTest2" classname="gov.usgs.earthquake.indexer.IndexerTest" time="0.12"/>
  <testcase name="onProductUpdatedTest" classname="gov.usgs.earthquake.indexer.IndexerTest" time="0.131"/>
  <testcase name="testDelete" classname="gov.usgs.earthquake.indexer.IndexerTest" time="0.121"/>
  <testcase name="onProductSplitTest1" classname="gov.usgs.earthquake.indexer.IndexerTest" time="0.18"/>
  <testcase name="onProductSplitTest2" classname="gov.usgs.earthquake.indexer.IndexerTest" time="0.181"/>
  <testcase name="onProductSplitTest3" classname="gov.usgs.earthquake.indexer.IndexerTest" time="0.242"/>
  <testcase name="archivePolicySupersededProductTest" classname="gov.usgs.earthquake.indexer.IndexerTest" time="0.566"/>
  <system-out><![CDATA[IndexerEvent
     EVENT_ADDED :: null --> usone
IndexerEvent
     EVENT_UPDATED :: usone --> ciuno
IndexerEvent
     EVENT_UPDATED :: usone --> usone
IndexerEvent
     EVENT_UPDATED :: usone --> usone
IndexerEvent
     EVENT_UPDATED :: usone --> ciuno
IndexerEvent
     EVENT_UPDATED :: usone --> usone
IndexerEvent
     EVENT_UPDATED :: usone --> ciuno
IndexerEvent
     EVENT_ADDED :: null --> usabcd1234
IndexerEvent
     EVENT_UPDATED :: usabcd1234 --> usabcd1234
IndexerEvent
     EVENT_ADDED :: null --> usone
IndexerEvent
     EVENT_UPDATED :: usone --> scuno
IndexerEvent
     EVENT_UPDATED :: scuno --> usone
IndexerEvent
     EVENT_UPDATED :: usone --> scuno
IndexerEvent
     PRODUCT_ADDED :: null --> null
IndexerEvent
     EVENT_ADDED :: null --> ustestproduct-one
IndexerEvent
     EVENT_ADDED :: null --> ustestproduct-two
IndexerEvent
     EVENT_MERGED :: ustestproduct-one --> null
     EVENT_UPDATED :: ustestproduct-two --> ustestproduct-two
IndexerEvent
     EVENT_ADDED :: null --> usevent1
IndexerEvent
     EVENT_ADDED :: null --> usevent2
IndexerEvent
     EVENT_UPDATED :: usevent2 --> notusotherevent
IndexerEvent
     EVENT_MERGED :: usevent1 --> null
     EVENT_UPDATED :: notusotherevent --> notusotherevent
IndexerEvent
     EVENT_ADDED :: null --> usabcd1234
IndexerEvent
     EVENT_ARCHIVED :: usabcd1234 --> null
IndexerEvent
     EVENT_ADDED :: null --> nc71932931
IndexerEvent
     EVENT_UPDATED :: nc71932931 --> nc71932931
IndexerEvent
     EVENT_UPDATED :: nc71932931 --> nc71932931
IndexerEvent
     EVENT_ADDED :: null --> notustestproduct-one
IndexerEvent
     EVENT_ADDED :: null --> ustestproduct-two
IndexerEvent
     EVENT_MERGED :: notustestproduct-one --> null
     EVENT_UPDATED :: ustestproduct-two --> ustestproduct-two
IndexerEvent
     EVENT_ADDED :: null --> notustestproduct-one
IndexerEvent
     EVENT_ADDED :: null --> ustestproduct-two
IndexerEvent
     EVENT_MERGED :: notustestproduct-one --> null
     EVENT_UPDATED :: ustestproduct-two --> ustestproduct-two
IndexerEvent
     PRODUCT_ADDED :: null --> null
IndexerEvent
     EVENT_ADDED :: null --> ustestproduct-one
IndexerEvent
     EVENT_ADDED :: null --> usabcd1234
IndexerEvent
     EVENT_UPDATED :: usabcd1234 --> usabcd1234
IndexerEvent
     EVENT_ADDED :: null --> usone
IndexerEvent
     EVENT_DELETED :: usone --> usone
IndexerEvent
     EVENT_ADDED :: null --> usone
IndexerEvent
     EVENT_UPDATED :: usone --> ncuno
IndexerEvent
     EVENT_UPDATED :: ncuno --> ncuno
     EVENT_SPLIT :: null --> usone
IndexerEvent
     EVENT_ADDED :: null --> usone
IndexerEvent
     EVENT_UPDATED :: usone --> ncuno
IndexerEvent
     EVENT_UPDATED :: ncuno --> ncuno
     EVENT_SPLIT :: null --> usone
IndexerEvent
     EVENT_ADDED :: null --> usone
IndexerEvent
     EVENT_UPDATED :: usone --> usone
IndexerEvent
     EVENT_UPDATED :: usone --> usone
IndexerEvent
     EVENT_UPDATED :: usone --> usone
     EVENT_SPLIT :: null --> ciein
     EVENT_SPLIT :: null --> ncuno
IndexerEvent
     EVENT_ADDED :: null --> usabcd1234
IndexerEvent
     EVENT_UPDATED :: usabcd1234 --> usabcd1234
IndexerEvent
     EVENT_UPDATED :: usabcd1234 --> usabcd1234
IndexerEvent
     EVENT_ARCHIVED :: usabcd1234 --> null
]]></system-out>
  <system-err><![CDATA[
###
Mon Aug 05 16:07:20 MDT 2019
FINEST	thread=13	[null] storing product id=urn:usgs-product:us:testproduct:one:1565042840525
FINEST	thread=13	[null] acquiring write lock for product id=urn:usgs-product:us:testproduct:one:1565042840525
FINEST	thread=13	[null] acquired write lock for product id=urn:usgs-product:us:testproduct:one:1565042840525
FINEST	thread=13	[null] acquiring read lock for product id=urn:usgs-product:us:testproduct:one:1565042840525
FINEST	thread=13	[null] acquired read lock for product id=urn:usgs-product:us:testproduct:one:1565042840525
FINEST	thread=13	[null] releasing read lock for product id=urn:usgs-product:us:testproduct:one:1565042840525
FINEST	thread=13	[null] released read lock for product id=urn:usgs-product:us:testproduct:one:1565042840525
FINER	thread=13	[null] product stored id=urn:usgs-product:us:testproduct:one:1565042840525, status=UPDATE
FINEST	thread=13	[null] releasing write lock for product id=urn:usgs-product:us:testproduct:one:1565042840525
FINEST	thread=13	[null] released write lock for product id=urn:usgs-product:us:testproduct:one:1565042840525
FINEST	thread=13	[null] stored product id=urn:usgs-product:us:testproduct:one:1565042840525
FINER	thread=13	[null] summarizing product id=urn:usgs-product:us:testproduct:one:1565042840525
FINEST	thread=13	[null] beginning index transaction
FINER	thread=13	[null] finding previous version
FINEST	thread=13	[null] running query 
SELECT DISTINCT id FROM productSummary p WHERE p.id IS NOT NULL AND p.id = (SELECT id FROM productSummary ps WHERE ps.source='us' AND ps.type='testproduct' AND ps.code='one' AND ps.status <> 'DELETE' ORDER BY ps.updateTime DESC LIMIT 1) AND source='us' AND type='testproduct' AND code='one'
FINEST	thread=13	[null] query complete
FINER	thread=13	[null] finding previous event
FINEST	thread=13	Product Index Query
eventSearchType=SEARCH_EVENT_PRODUCTS
resultType=RESULT_TYPE_ALL
eventSource=us
eventSourceCode=one
FINEST	thread=13	Product Index Query
eventSearchType=SEARCH_EVENT_PREFERRED
resultType=RESULT_TYPE_ALL
minEventTime=Mon Aug 05 16:07:04 MDT 2019
maxEventTime=Mon Aug 05 16:07:36 MDT 2019
minEventLatitude=34.10007199424046075986183268469176255166530609130859375
maxEventLatitude=35.89992800575953924013816731530823744833469390869140625
minEventLongitude=-119.098609241146021986423875205218791961669921875
maxEventLongitude=-116.901390758853978013576124794781208038330078125
FINER	thread=13	[null] adding summary to index
FINEST	thread=13	[null] Added property eventsourcecode:one for product 1
FINEST	thread=13	[null] Added property eventtime:2019-08-05T22:07:20.525Z for product 1
FINEST	thread=13	[null] Added property eventsource:us for product 1
FINEST	thread=13	[null] Added property latitude:35.0 for product 1
FINEST	thread=13	[null] Added property longitude:-118.0 for product 1
FINEST	thread=13	[null] Added productSummary urn:usgs-product:us:testproduct:one:1565042840525, indexid=1 to product index
FINEST	thread=13	Added event id=1
FINEST	thread=13	[null] Added event to Product Index
FINER	thread=13	[null] Added associations event id=1, productSummary source=us, type=testproduct, code=one (id=1)
FINER	thread=13	[null] created event indexid=1
FINE	thread=13	Eventindexid=1, eventid=usone, latitude=35.0, longitude=-118.0, time=Mon Aug 05 16:07:20 MDT 2019, deleted=false
FINER	thread=13	Products in event
	status=UPDATE, id=urn:usgs-product:us:testproduct:one:1565042840525, eventid=usone, latitude=35.0, longitude=-118.0, time=Mon Aug 05 16:07:20 MDT 2019
FINER	thread=13	[null] checking for event merges
FINER	thread=13	[null] searching for unassociated products
FINER	thread=13	[null] search for unassociated products complete
FINER	thread=13	[null] updating event summary parameters
FINER	thread=13	[null] Updating event indexid=1
FINE	thread=13	Eventindexid=1, eventid=usone, latitude=35.0, longitude=-118.0, time=Mon Aug 05 16:07:20 MDT 2019, deleted=false
FINER	thread=13	Products in event
	status=UPDATE, id=urn:usgs-product:us:testproduct:one:1565042840525, eventid=usone, latitude=35.0, longitude=-118.0, time=Mon Aug 05 16:07:20 MDT 2019
FINEST	thread=13	[null] Updated event properties in Product Index
FINER	thread=13	[null] committing transaction
FINE	thread=13	[null] notifying listeners
INFO	thread=13	[null] indexed product id=urn:usgs-product:us:testproduct:one:1565042840525, status=UPDATE
EVENT_ADDED null => usone
FINEST	thread=772	[null] acquiring read lock for product id=urn:usgs-product:us:testproduct:one:1565042840525
FINEST	thread=772	[null] acquired read lock for product id=urn:usgs-product:us:testproduct:one:1565042840525
FINEST	thread=774	[null] acquiring read lock for product id=urn:usgs-product:us:testproduct:one:1565042840525
FINEST	thread=772	[null] releasing read lock for product id=urn:usgs-product:us:testproduct:one:1565042840525
FINEST	thread=772	[null] released read lock for product id=urn:usgs-product:us:testproduct:one:1565042840525
FINEST	thread=774	[null] acquired read lock for product id=urn:usgs-product:us:testproduct:one:1565042840525
FINEST	thread=774	[null] releasing read lock for product id=urn:usgs-product:us:testproduct:one:1565042840525
FINEST	thread=774	[null] released read lock for product id=urn:usgs-product:us:testproduct:one:1565042840525
FINER	thread=772	[DirectoryProductSource] Product does not have any  URLContent. Scraping directory for files.
FINER	thread=774	[DirectoryProductSource] Product does not have any  URLContent. Scraping directory for files.
FINEST	thread=774	[null] acquiring write lock for product id=urn:usgs-product:us:testproduct:one:1565042840525
FINEST	thread=772	[null] acquiring write lock for product id=urn:usgs-product:us:testproduct:one:1565042840525
FINEST	thread=774	[null] acquired write lock for product id=urn:usgs-product:us:testproduct:one:1565042840525
FINEST	thread=772	[null] acquired write lock for product id=urn:usgs-product:us:testproduct:one:1565042840525
FINEST	thread=774	[null] acquiring read lock for product id=urn:usgs-product:us:testproduct:one:1565042840525
FINEST	thread=772	[null] acquiring read lock for product id=urn:usgs-product:us:testproduct:one:1565042840525
FINEST	thread=774	[null] acquired read lock for product id=urn:usgs-product:us:testproduct:one:1565042840525
FINEST	thread=772	[null] acquired read lock for product id=urn:usgs-product:us:testproduct:one:1565042840525
FINEST	thread=772	[null] releasing read lock for product id=urn:usgs-product:us:testproduct:one:1565042840525
FINEST	thread=774	[null] releasing read lock for product id=urn:usgs-product:us:testproduct:one:1565042840525
FINEST	thread=772	[null] released read lock for product id=urn:usgs-product:us:testproduct:one:1565042840525
FINEST	thread=774	[null] released read lock for product id=urn:usgs-product:us:testproduct:one:1565042840525
WARNING	thread=774	[null] exception while storing product, removing incomplete product
java.io.IOException: Unable to create directory /Users/cbass/Projects/pdl/_test_storage_/testproduct/one/us/1565042840525
	at gov.usgs.util.StreamUtils.getOutputStream(StreamUtils.java:153)
	at gov.usgs.util.StreamUtils.getOutputStream(StreamUtils.java:183)
	at gov.usgs.earthquake.product.io.DirectoryProductHandler.onEndProduct(DirectoryProductHandler.java:68)
	at gov.usgs.earthquake.product.io.FilterProductHandler.onEndProduct(FilterProductHandler.java:71)
	at gov.usgs.earthquake.distribution.FileProductStorage$StorageProductOutput.onEndProduct(FileProductStorage.java:855)
	at gov.usgs.earthquake.product.io.ObjectProductSource.sendEndProduct(ObjectProductSource.java:166)
	at gov.usgs.earthquake.product.io.ObjectProductSource.streamTo(ObjectProductSource.java:62)
	at gov.usgs.earthquake.distribution.FileProductStorage.storeProductSource(FileProductStorage.java:693)
	at gov.usgs.earthquake.distribution.FileProductStorage.storeProduct(FileProductStorage.java:675)
	at gov.usgs.earthquake.indexer.ExternalIndexerListener.storeProduct(ExternalIndexerListener.java:196)
	at gov.usgs.earthquake.indexer.ExternalIndexerListener.onIndexerEvent(ExternalIndexerListener.java:131)
	at gov.usgs.earthquake.indexer.IndexerListenerCallable.call(IndexerListenerCallable.java:36)
	at gov.usgs.earthquake.indexer.IndexerListenerCallable.call(IndexerListenerCallable.java:12)
	at gov.usgs.util.ExecutorTask.run(ExecutorTask.java:183)
	at java.base/java.util.concurrent.Executors$RunnableAdapter.call(Executors.java:515)
	at java.base/java.util.concurrent.FutureTask.run(FutureTask.java:264)
	at java.base/java.util.concurrent.ThreadPoolExecutor.runWorker(ThreadPoolExecutor.java:1128)
	at java.base/java.util.concurrent.ThreadPoolExecutor$Worker.run(ThreadPoolExecutor.java:628)
	at java.base/java.lang.Thread.run(Thread.java:834)
FINEST	thread=774	[null] acquiring write lock for product id=urn:usgs-product:us:testproduct:one:1565042840525
FINEST	thread=774	[null] acquired write lock for product id=urn:usgs-product:us:testproduct:one:1565042840525
FINER	thread=772	[null] product stored id=urn:usgs-product:us:testproduct:one:1565042840525, status=UPDATE
FINEST	thread=772	[null] releasing write lock for product id=urn:usgs-product:us:testproduct:one:1565042840525
FINEST	thread=772	[null] released write lock for product id=urn:usgs-product:us:testproduct:one:1565042840525
FINEST	thread=772	[null] acquiring read lock for product id=urn:usgs-product:us:testproduct:one:1565042840525
FINEST	thread=772	[null] acquired read lock for product id=urn:usgs-product:us:testproduct:one:1565042840525
FINEST	thread=772	[null] releasing read lock for product id=urn:usgs-product:us:testproduct:one:1565042840525
FINEST	thread=772	[null] released read lock for product id=urn:usgs-product:us:testproduct:one:1565042840525
FINER	thread=774	[null] product removed, id=urn:usgs-product:us:testproduct:one:1565042840525
FINEST	thread=774	[null] releasing write lock for product id=urn:usgs-product:us:testproduct:one:1565042840525
FINEST	thread=774	[null] released write lock for product id=urn:usgs-product:us:testproduct:one:1565042840525
FINEST	thread=774	[null] releasing write lock for product id=urn:usgs-product:us:testproduct:one:1565042840525
FINEST	thread=774	[null] released write lock for product id=urn:usgs-product:us:testproduct:one:1565042840525
FINEST	thread=772	[null] acquiring read lock for product id=urn:usgs-product:us:testproduct:one:1565042840525
FINEST	thread=772	[null] acquired read lock for product id=urn:usgs-product:us:testproduct:one:1565042840525
FINEST	thread=772	[null] releasing read lock for product id=urn:usgs-product:us:testproduct:one:1565042840525
FINEST	thread=772	[null] released read lock for product id=urn:usgs-product:us:testproduct:one:1565042840525
WARNING	thread=774	[null] listener (null) threw exception, for product id=urn:usgs-product:us:testproduct:one:1565042840525
java.io.IOException: Unable to create directory /Users/cbass/Projects/pdl/_test_storage_/testproduct/one/us/1565042840525
	at gov.usgs.util.StreamUtils.getOutputStream(StreamUtils.java:153)
	at gov.usgs.util.StreamUtils.getOutputStream(StreamUtils.java:183)
	at gov.usgs.earthquake.product.io.DirectoryProductHandler.onEndProduct(DirectoryProductHandler.java:68)
	at gov.usgs.earthquake.product.io.FilterProductHandler.onEndProduct(FilterProductHandler.java:71)
	at gov.usgs.earthquake.distribution.FileProductStorage$StorageProductOutput.onEndProduct(FileProductStorage.java:855)
	at gov.usgs.earthquake.product.io.ObjectProductSource.sendEndProduct(ObjectProductSource.java:166)
	at gov.usgs.earthquake.product.io.ObjectProductSource.streamTo(ObjectProductSource.java:62)
	at gov.usgs.earthquake.distribution.FileProductStorage.storeProductSource(FileProductStorage.java:693)
	at gov.usgs.earthquake.distribution.FileProductStorage.storeProduct(FileProductStorage.java:675)
	at gov.usgs.earthquake.indexer.ExternalIndexerListener.storeProduct(ExternalIndexerListener.java:196)
	at gov.usgs.earthquake.indexer.ExternalIndexerListener.onIndexerEvent(ExternalIndexerListener.java:131)
	at gov.usgs.earthquake.indexer.IndexerListenerCallable.call(IndexerListenerCallable.java:36)
	at gov.usgs.earthquake.indexer.IndexerListenerCallable.call(IndexerListenerCallable.java:12)
	at gov.usgs.util.ExecutorTask.run(ExecutorTask.java:183)
	at java.base/java.util.concurrent.Executors$RunnableAdapter.call(Executors.java:515)
	at java.base/java.util.concurrent.FutureTask.run(FutureTask.java:264)
	at java.base/java.util.concurrent.ThreadPoolExecutor.runWorker(ThreadPoolExecutor.java:1128)
	at java.base/java.util.concurrent.ThreadPoolExecutor$Worker.run(ThreadPoolExecutor.java:628)
	at java.base/java.lang.Thread.run(Thread.java:834)
FINE	thread=774	Exception: Unable to create directory /Users/cbass/Projects/pdl/_test_storage_/testproduct/one/us/1565042840525 source=us, type=testproduct, code=one, updateTime=Mon Aug 05 16:07:20 MDT 2019
INFO	thread=772	[null] running command echo --preferred-eventid=usone --preferred-eventsource=us --preferred-eventsourcecode=one --eventids=usone --preferred-magnitude=null --preferred-latitude=35.0 --preferred-longitude=-118.0 --preferred-depth=null --preferred-eventtime=2019-08-05T22:07:20.525Z --type=testproduct --code=one --source=us --updateTime=2019-08-05T22:07:20.525Z --status=UPDATE --trackerURL=http://localhost/tracker "--property-eventsourcecode=one" "--property-eventtime=2019-08-05T22:07:20.525Z" "--property-eventsource=us" "--property-latitude=35.0" "--property-longitude=-118.0" --action=EVENT_ADDED
FINEST	thread=774	Tracker updates disabled, not sent
INFO	thread=774	Exception executing task
java.io.IOException: Unable to create directory /Users/cbass/Projects/pdl/_test_storage_/testproduct/one/us/1565042840525
	at gov.usgs.util.StreamUtils.getOutputStream(StreamUtils.java:153)
	at gov.usgs.util.StreamUtils.getOutputStream(StreamUtils.java:183)
	at gov.usgs.earthquake.product.io.DirectoryProductHandler.onEndProduct(DirectoryProductHandler.java:68)
	at gov.usgs.earthquake.product.io.FilterProductHandler.onEndProduct(FilterProductHandler.java:71)
	at gov.usgs.earthquake.distribution.FileProductStorage$StorageProductOutput.onEndProduct(FileProductStorage.java:855)
	at gov.usgs.earthquake.product.io.ObjectProductSource.sendEndProduct(ObjectProductSource.java:166)
	at gov.usgs.earthquake.product.io.ObjectProductSource.streamTo(ObjectProductSource.java:62)
	at gov.usgs.earthquake.distribution.FileProductStorage.storeProductSource(FileProductStorage.java:693)
	at gov.usgs.earthquake.distribution.FileProductStorage.storeProduct(FileProductStorage.java:675)
	at gov.usgs.earthquake.indexer.ExternalIndexerListener.storeProduct(ExternalIndexerListener.java:196)
	at gov.usgs.earthquake.indexer.ExternalIndexerListener.onIndexerEvent(ExternalIndexerListener.java:131)
	at gov.usgs.earthquake.indexer.IndexerListenerCallable.call(IndexerListenerCallable.java:36)
	at gov.usgs.earthquake.indexer.IndexerListenerCallable.call(IndexerListenerCallable.java:12)
	at gov.usgs.util.ExecutorTask.run(ExecutorTask.java:183)
	at java.base/java.util.concurrent.Executors$RunnableAdapter.call(Executors.java:515)
	at java.base/java.util.concurrent.FutureTask.run(FutureTask.java:264)
	at java.base/java.util.concurrent.ThreadPoolExecutor.runWorker(ThreadPoolExecutor.java:1128)
	at java.base/java.util.concurrent.ThreadPoolExecutor$Worker.run(ThreadPoolExecutor.java:628)
	at java.base/java.lang.Thread.run(Thread.java:834)
INFO	thread=772	[null] command 'echo --preferred-eventid=usone --preferred-eventsource=us --preferred-eventsourcecode=one --eventids=usone --preferred-magnitude=null --preferred-latitude=35.0 --preferred-longitude=-118.0 --preferred-depth=null --preferred-eventtime=2019-08-05T22:07:20.525Z --type=testproduct --code=one --source=us --updateTime=2019-08-05T22:07:20.525Z --status=UPDATE --trackerURL=http://localhost/tracker "--property-eventsourcecode=one" "--property-eventtime=2019-08-05T22:07:20.525Z" "--property-eventsource=us" "--property-latitude=35.0" "--property-longitude=-118.0" --action=EVENT_ADDED' exited with status '0'
FINEST	thread=13	[null] storing product id=urn:usgs-product:ci:testproduct:uno:1565042840587
FINEST	thread=13	[null] acquiring write lock for product id=urn:usgs-product:ci:testproduct:uno:1565042840587
FINEST	thread=13	[null] acquired write lock for product id=urn:usgs-product:ci:testproduct:uno:1565042840587
FINEST	thread=13	[null] acquiring read lock for product id=urn:usgs-product:ci:testproduct:uno:1565042840587
FINEST	thread=13	[null] acquired read lock for product id=urn:usgs-product:ci:testproduct:uno:1565042840587
FINEST	thread=13	[null] releasing read lock for product id=urn:usgs-product:ci:testproduct:uno:1565042840587
FINEST	thread=13	[null] released read lock for product id=urn:usgs-product:ci:testproduct:uno:1565042840587
FINER	thread=13	[null] product stored id=urn:usgs-product:ci:testproduct:uno:1565042840587, status=UPDATE
FINEST	thread=13	[null] releasing write lock for product id=urn:usgs-product:ci:testproduct:uno:1565042840587
FINEST	thread=13	[null] released write lock for product id=urn:usgs-product:ci:testproduct:uno:1565042840587
FINEST	thread=13	[null] stored product id=urn:usgs-product:ci:testproduct:uno:1565042840587
FINER	thread=13	[null] summarizing product id=urn:usgs-product:ci:testproduct:uno:1565042840587
FINEST	thread=13	[null] beginning index transaction
FINER	thread=13	[null] finding previous version
FINEST	thread=13	[null] running query 
SELECT DISTINCT id FROM productSummary p WHERE p.id IS NOT NULL AND p.id = (SELECT id FROM productSummary ps WHERE ps.source='ci' AND ps.type='testproduct' AND ps.code='uno' AND ps.status <> 'DELETE' ORDER BY ps.updateTime DESC LIMIT 1) AND source='ci' AND type='testproduct' AND code='uno'
FINEST	thread=13	[null] query complete
FINER	thread=13	[null] finding previous event
FINEST	thread=13	Product Index Query
eventSearchType=SEARCH_EVENT_PRODUCTS
resultType=RESULT_TYPE_ALL
eventSource=ci
eventSourceCode=uno
FINEST	thread=13	Product Index Query
eventSearchType=SEARCH_EVENT_PREFERRED
resultType=RESULT_TYPE_ALL
minEventTime=Mon Aug 05 16:07:04 MDT 2019
maxEventTime=Mon Aug 05 16:07:36 MDT 2019
minEventLatitude=34.10007199424046075986183268469176255166530609130859375
maxEventLatitude=35.89992800575953924013816731530823744833469390869140625
minEventLongitude=-119.098609241146021986423875205218791961669921875
maxEventLongitude=-116.901390758853978013576124794781208038330078125
FINER	thread=13	[null] adding summary to index
FINEST	thread=13	[null] Added property eventsourcecode:uno for product 2
FINEST	thread=13	[null] Added property eventtime:2019-08-05T22:07:20.525Z for product 2
FINEST	thread=13	[null] Added property eventsource:ci for product 2
FINEST	thread=13	[null] Added property latitude:35.0 for product 2
FINEST	thread=13	[null] Added property longitude:-118.0 for product 2
FINEST	thread=13	[null] Added productSummary urn:usgs-product:ci:testproduct:uno:1565042840587, indexid=2 to product index
FINER	thread=13	[null] found existing event indexid=1
FINE	thread=13	Eventindexid=1, eventid=usone, latitude=35.0, longitude=-118.0, time=Mon Aug 05 16:07:20 MDT 2019, deleted=false
FINER	thread=13	Products in event
	status=UPDATE, id=urn:usgs-product:us:testproduct:one:1565042840525, eventid=usone, latitude=35.0, longitude=-118.0, time=Mon Aug 05 16:07:20 MDT 2019
FINER	thread=13	[null] Added associations event id=1, productSummary source=ci, type=testproduct, code=uno (id=2)
FINER	thread=13	[null] checking for event splits
FINEST	thread=13	Product Index Query
eventSearchType=SEARCH_EVENT_PREFERRED
resultType=RESULT_TYPE_ALL
minEventTime=Mon Aug 05 16:07:04 MDT 2019
maxEventTime=Mon Aug 05 16:07:36 MDT 2019
minEventLatitude=34.10007199424046075986183268469176255166530609130859375
maxEventLatitude=35.89992800575953924013816731530823744833469390869140625
minEventLongitude=-119.098609241146021986423875205218791961669921875
maxEventLongitude=-116.901390758853978013576124794781208038330078125
FINER	thread=13	[null] checking for event merges
FINEST	thread=13	Product Index Query
eventSearchType=SEARCH_EVENT_PREFERRED
resultType=RESULT_TYPE_ALL
minEventTime=Mon Aug 05 16:07:04 MDT 2019
maxEventTime=Mon Aug 05 16:07:36 MDT 2019
minEventLatitude=34.10007199424046075986183268469176255166530609130859375
maxEventLatitude=35.89992800575953924013816731530823744833469390869140625
minEventLongitude=-119.098609241146021986423875205218791961669921875
maxEventLongitude=-116.901390758853978013576124794781208038330078125
FINER	thread=13	[null] searching for nearby events
FINER	thread=13	[null] search for nearby events complete
FINER	thread=13	[null] searching for unassociated products
FINER	thread=13	[null] search for unassociated products complete
FINER	thread=13	[null] updating event summary parameters
FINER	thread=13	[null] Updating event indexid=1
FINE	thread=13	Eventindexid=1, eventid=ciuno, latitude=35.0, longitude=-118.0, time=Mon Aug 05 16:07:20 MDT 2019, deleted=false
FINER	thread=13	Products in event
	status=UPDATE, id=urn:usgs-product:us:testproduct:one:1565042840525, eventid=usone, latitude=35.0, longitude=-118.0, time=Mon Aug 05 16:07:20 MDT 2019
	status=UPDATE, id=urn:usgs-product:ci:testproduct:uno:1565042840587, eventid=ciuno, latitude=35.0, longitude=-118.0, time=Mon Aug 05 16:07:20 MDT 2019
FINEST	thread=13	[null] Updated event properties in Product Index
FINER	thread=13	[null] committing transaction
FINE	thread=13	[null] notifying listeners
INFO	thread=13	[null] indexed product id=urn:usgs-product:ci:testproduct:uno:1565042840587, status=UPDATE
EVENT_UPDATED usone => ciuno
FINEST	thread=772	[null] acquiring read lock for product id=urn:usgs-product:ci:testproduct:uno:1565042840587
FINEST	thread=772	[null] acquired read lock for product id=urn:usgs-product:ci:testproduct:uno:1565042840587
FINEST	thread=772	[null] releasing read lock for product id=urn:usgs-product:ci:testproduct:uno:1565042840587
FINEST	thread=772	[null] released read lock for product id=urn:usgs-product:ci:testproduct:uno:1565042840587
FINEST	thread=774	[null] acquiring read lock for product id=urn:usgs-product:ci:testproduct:uno:1565042840587
FINEST	thread=774	[null] acquired read lock for product id=urn:usgs-product:ci:testproduct:uno:1565042840587
FINEST	thread=774	[null] releasing read lock for product id=urn:usgs-product:ci:testproduct:uno:1565042840587
FINEST	thread=774	[null] released read lock for product id=urn:usgs-product:ci:testproduct:uno:1565042840587
FINER	thread=772	[DirectoryProductSource] Product does not have any  URLContent. Scraping directory for files.
FINER	thread=774	[DirectoryProductSource] Product does not have any  URLContent. Scraping directory for files.
FINEST	thread=774	[null] acquiring write lock for product id=urn:usgs-product:ci:testproduct:uno:1565042840587
FINEST	thread=772	[null] acquiring write lock for product id=urn:usgs-product:ci:testproduct:uno:1565042840587
FINEST	thread=774	[null] acquired write lock for product id=urn:usgs-product:ci:testproduct:uno:1565042840587
FINEST	thread=774	[null] acquiring read lock for product id=urn:usgs-product:ci:testproduct:uno:1565042840587
FINEST	thread=772	[null] acquired write lock for product id=urn:usgs-product:ci:testproduct:uno:1565042840587
FINEST	thread=774	[null] acquired read lock for product id=urn:usgs-product:ci:testproduct:uno:1565042840587
FINEST	thread=772	[null] acquiring read lock for product id=urn:usgs-product:ci:testproduct:uno:1565042840587
FINEST	thread=772	[null] acquired read lock for product id=urn:usgs-product:ci:testproduct:uno:1565042840587
FINEST	thread=774	[null] releasing read lock for product id=urn:usgs-product:ci:testproduct:uno:1565042840587
FINEST	thread=772	[null] releasing read lock for product id=urn:usgs-product:ci:testproduct:uno:1565042840587
FINEST	thread=774	[null] released read lock for product id=urn:usgs-product:ci:testproduct:uno:1565042840587
FINEST	thread=772	[null] released read lock for product id=urn:usgs-product:ci:testproduct:uno:1565042840587
WARNING	thread=774	[null] exception while storing product, removing incomplete product
java.io.IOException: Unable to create directory /Users/cbass/Projects/pdl/_test_storage_/testproduct/uno/ci/1565042840587
	at gov.usgs.util.StreamUtils.getOutputStream(StreamUtils.java:153)
	at gov.usgs.util.StreamUtils.getOutputStream(StreamUtils.java:183)
	at gov.usgs.earthquake.product.io.DirectoryProductHandler.onEndProduct(DirectoryProductHandler.java:68)
	at gov.usgs.earthquake.product.io.FilterProductHandler.onEndProduct(FilterProductHandler.java:71)
	at gov.usgs.earthquake.distribution.FileProductStorage$StorageProductOutput.onEndProduct(FileProductStorage.java:855)
	at gov.usgs.earthquake.product.io.ObjectProductSource.sendEndProduct(ObjectProductSource.java:166)
	at gov.usgs.earthquake.product.io.ObjectProductSource.streamTo(ObjectProductSource.java:62)
	at gov.usgs.earthquake.distribution.FileProductStorage.storeProductSource(FileProductStorage.java:693)
	at gov.usgs.earthquake.distribution.FileProductStorage.storeProduct(FileProductStorage.java:675)
	at gov.usgs.earthquake.indexer.ExternalIndexerListener.storeProduct(ExternalIndexerListener.java:196)
	at gov.usgs.earthquake.indexer.ExternalIndexerListener.onIndexerEvent(ExternalIndexerListener.java:131)
	at gov.usgs.earthquake.indexer.IndexerListenerCallable.call(IndexerListenerCallable.java:36)
	at gov.usgs.earthquake.indexer.IndexerListenerCallable.call(IndexerListenerCallable.java:12)
	at gov.usgs.util.ExecutorTask.run(ExecutorTask.java:183)
	at java.base/java.util.concurrent.Executors$RunnableAdapter.call(Executors.java:515)
	at java.base/java.util.concurrent.FutureTask.run(FutureTask.java:264)
	at java.base/java.util.concurrent.ThreadPoolExecutor.runWorker(ThreadPoolExecutor.java:1128)
	at java.base/java.util.concurrent.ThreadPoolExecutor$Worker.run(ThreadPoolExecutor.java:628)
	at java.base/java.lang.Thread.run(Thread.java:834)
FINER	thread=772	[null] product stored id=urn:usgs-product:ci:testproduct:uno:1565042840587, status=UPDATE
FINEST	thread=774	[null] acquiring write lock for product id=urn:usgs-product:ci:testproduct:uno:1565042840587
FINEST	thread=772	[null] releasing write lock for product id=urn:usgs-product:ci:testproduct:uno:1565042840587
FINEST	thread=774	[null] acquired write lock for product id=urn:usgs-product:ci:testproduct:uno:1565042840587
FINEST	thread=772	[null] released write lock for product id=urn:usgs-product:ci:testproduct:uno:1565042840587
FINEST	thread=772	[null] acquiring read lock for product id=urn:usgs-product:ci:testproduct:uno:1565042840587
FINEST	thread=772	[null] acquired read lock for product id=urn:usgs-product:ci:testproduct:uno:1565042840587
FINEST	thread=772	[null] releasing read lock for product id=urn:usgs-product:ci:testproduct:uno:1565042840587
FINEST	thread=772	[null] released read lock for product id=urn:usgs-product:ci:testproduct:uno:1565042840587
FINER	thread=774	[null] product removed, id=urn:usgs-product:ci:testproduct:uno:1565042840587
FINEST	thread=774	[null] releasing write lock for product id=urn:usgs-product:ci:testproduct:uno:1565042840587
FINEST	thread=774	[null] released write lock for product id=urn:usgs-product:ci:testproduct:uno:1565042840587
FINEST	thread=774	[null] releasing write lock for product id=urn:usgs-product:ci:testproduct:uno:1565042840587
FINEST	thread=774	[null] released write lock for product id=urn:usgs-product:ci:testproduct:uno:1565042840587
WARNING	thread=774	[null] listener (null) threw exception, for product id=urn:usgs-product:ci:testproduct:uno:1565042840587
java.io.IOException: Unable to create directory /Users/cbass/Projects/pdl/_test_storage_/testproduct/uno/ci/1565042840587
	at gov.usgs.util.StreamUtils.getOutputStream(StreamUtils.java:153)
	at gov.usgs.util.StreamUtils.getOutputStream(StreamUtils.java:183)
	at gov.usgs.earthquake.product.io.DirectoryProductHandler.onEndProduct(DirectoryProductHandler.java:68)
	at gov.usgs.earthquake.product.io.FilterProductHandler.onEndProduct(FilterProductHandler.java:71)
	at gov.usgs.earthquake.distribution.FileProductStorage$StorageProductOutput.onEndProduct(FileProductStorage.java:855)
	at gov.usgs.earthquake.product.io.ObjectProductSource.sendEndProduct(ObjectProductSource.java:166)
	at gov.usgs.earthquake.product.io.ObjectProductSource.streamTo(ObjectProductSource.java:62)
	at gov.usgs.earthquake.distribution.FileProductStorage.storeProductSource(FileProductStorage.java:693)
	at gov.usgs.earthquake.distribution.FileProductStorage.storeProduct(FileProductStorage.java:675)
	at gov.usgs.earthquake.indexer.ExternalIndexerListener.storeProduct(ExternalIndexerListener.java:196)
	at gov.usgs.earthquake.indexer.ExternalIndexerListener.onIndexerEvent(ExternalIndexerListener.java:131)
	at gov.usgs.earthquake.indexer.IndexerListenerCallable.call(IndexerListenerCallable.java:36)
	at gov.usgs.earthquake.indexer.IndexerListenerCallable.call(IndexerListenerCallable.java:12)
	at gov.usgs.util.ExecutorTask.run(ExecutorTask.java:183)
	at java.base/java.util.concurrent.Executors$RunnableAdapter.call(Executors.java:515)
	at java.base/java.util.concurrent.FutureTask.run(FutureTask.java:264)
	at java.base/java.util.concurrent.ThreadPoolExecutor.runWorker(ThreadPoolExecutor.java:1128)
	at java.base/java.util.concurrent.ThreadPoolExecutor$Worker.run(ThreadPoolExecutor.java:628)
	at java.base/java.lang.Thread.run(Thread.java:834)
FINE	thread=774	Exception: Unable to create directory /Users/cbass/Projects/pdl/_test_storage_/testproduct/uno/ci/1565042840587 source=ci, type=testproduct, code=uno, updateTime=Mon Aug 05 16:07:20 MDT 2019
FINEST	thread=774	Tracker updates disabled, not sent
INFO	thread=774	Exception executing task
java.io.IOException: Unable to create directory /Users/cbass/Projects/pdl/_test_storage_/testproduct/uno/ci/1565042840587
	at gov.usgs.util.StreamUtils.getOutputStream(StreamUtils.java:153)
	at gov.usgs.util.StreamUtils.getOutputStream(StreamUtils.java:183)
	at gov.usgs.earthquake.product.io.DirectoryProductHandler.onEndProduct(DirectoryProductHandler.java:68)
	at gov.usgs.earthquake.product.io.FilterProductHandler.onEndProduct(FilterProductHandler.java:71)
	at gov.usgs.earthquake.distribution.FileProductStorage$StorageProductOutput.onEndProduct(FileProductStorage.java:855)
	at gov.usgs.earthquake.product.io.ObjectProductSource.sendEndProduct(ObjectProductSource.java:166)
	at gov.usgs.earthquake.product.io.ObjectProductSource.streamTo(ObjectProductSource.java:62)
	at gov.usgs.earthquake.distribution.FileProductStorage.storeProductSource(FileProductStorage.java:693)
	at gov.usgs.earthquake.distribution.FileProductStorage.storeProduct(FileProductStorage.java:675)
	at gov.usgs.earthquake.indexer.ExternalIndexerListener.storeProduct(ExternalIndexerListener.java:196)
	at gov.usgs.earthquake.indexer.ExternalIndexerListener.onIndexerEvent(ExternalIndexerListener.java:131)
	at gov.usgs.earthquake.indexer.IndexerListenerCallable.call(IndexerListenerCallable.java:36)
	at gov.usgs.earthquake.indexer.IndexerListenerCallable.call(IndexerListenerCallable.java:12)
	at gov.usgs.util.ExecutorTask.run(ExecutorTask.java:183)
	at java.base/java.util.concurrent.Executors$RunnableAdapter.call(Executors.java:515)
	at java.base/java.util.concurrent.FutureTask.run(FutureTask.java:264)
	at java.base/java.util.concurrent.ThreadPoolExecutor.runWorker(ThreadPoolExecutor.java:1128)
	at java.base/java.util.concurrent.ThreadPoolExecutor$Worker.run(ThreadPoolExecutor.java:628)
	at java.base/java.lang.Thread.run(Thread.java:834)
FINER	thread=772	[DirectoryProductSource] Product does not have any  URLContent. Scraping directory for files.
WARNING	thread=772	[null] listener (null) threw exception, for product id=urn:usgs-product:ci:testproduct:uno:1565042840587
java.lang.NullPointerException
	at gov.usgs.earthquake.product.FileContent.getDirectoryContents(FileContent.java:181)
	at gov.usgs.earthquake.product.FileContent.getDirectoryContents(FileContent.java:158)
	at gov.usgs.earthquake.product.io.DirectoryProductSource.streamTo(DirectoryProductSource.java:91)
	at gov.usgs.earthquake.product.io.ObjectProductHandler.getProduct(ObjectProductHandler.java:172)
	at gov.usgs.earthquake.distribution.FileProductStorage.getProduct(FileProductStorage.java:465)
	at gov.usgs.earthquake.indexer.ExternalIndexerListener.storeProduct(ExternalIndexerListener.java:197)
	at gov.usgs.earthquake.indexer.ExternalIndexerListener.onIndexerEvent(ExternalIndexerListener.java:131)
	at gov.usgs.earthquake.indexer.IndexerListenerCallable.call(IndexerListenerCallable.java:36)
	at gov.usgs.earthquake.indexer.IndexerListenerCallable.call(IndexerListenerCallable.java:12)
	at gov.usgs.util.ExecutorTask.run(ExecutorTask.java:183)
	at java.base/java.util.concurrent.Executors$RunnableAdapter.call(Executors.java:515)
	at java.base/java.util.concurrent.FutureTask.run(FutureTask.java:264)
	at java.base/java.util.concurrent.ThreadPoolExecutor.runWorker(ThreadPoolExecutor.java:1128)
	at java.base/java.util.concurrent.ThreadPoolExecutor$Worker.run(ThreadPoolExecutor.java:628)
	at java.base/java.lang.Thread.run(Thread.java:834)
FINE	thread=772	Exception: null source=ci, type=testproduct, code=uno, updateTime=Mon Aug 05 16:07:20 MDT 2019
FINEST	thread=772	Tracker updates disabled, not sent
INFO	thread=772	Exception executing task
java.lang.NullPointerException
	at gov.usgs.earthquake.product.FileContent.getDirectoryContents(FileContent.java:181)
	at gov.usgs.earthquake.product.FileContent.getDirectoryContents(FileContent.java:158)
	at gov.usgs.earthquake.product.io.DirectoryProductSource.streamTo(DirectoryProductSource.java:91)
	at gov.usgs.earthquake.product.io.ObjectProductHandler.getProduct(ObjectProductHandler.java:172)
	at gov.usgs.earthquake.distribution.FileProductStorage.getProduct(FileProductStorage.java:465)
	at gov.usgs.earthquake.indexer.ExternalIndexerListener.storeProduct(ExternalIndexerListener.java:197)
	at gov.usgs.earthquake.indexer.ExternalIndexerListener.onIndexerEvent(ExternalIndexerListener.java:131)
	at gov.usgs.earthquake.indexer.IndexerListenerCallable.call(IndexerListenerCallable.java:36)
	at gov.usgs.earthquake.indexer.IndexerListenerCallable.call(IndexerListenerCallable.java:12)
	at gov.usgs.util.ExecutorTask.run(ExecutorTask.java:183)
	at java.base/java.util.concurrent.Executors$RunnableAdapter.call(Executors.java:515)
	at java.base/java.util.concurrent.FutureTask.run(FutureTask.java:264)
	at java.base/java.util.concurrent.ThreadPoolExecutor.runWorker(ThreadPoolExecutor.java:1128)
	at java.base/java.util.concurrent.ThreadPoolExecutor$Worker.run(ThreadPoolExecutor.java:628)
	at java.base/java.lang.Thread.run(Thread.java:834)
FINEST	thread=13	[null] storing product id=urn:usgs-product:admin:trump-testproduct:us-testproduct-one:1565042840653
FINEST	thread=13	[null] acquiring write lock for product id=urn:usgs-product:admin:trump-testproduct:us-testproduct-one:1565042840653
FINEST	thread=13	[null] acquired write lock for product id=urn:usgs-product:admin:trump-testproduct:us-testproduct-one:1565042840653
FINEST	thread=13	[null] acquiring read lock for product id=urn:usgs-product:admin:trump-testproduct:us-testproduct-one:1565042840653
FINEST	thread=13	[null] acquired read lock for product id=urn:usgs-product:admin:trump-testproduct:us-testproduct-one:1565042840653
FINEST	thread=13	[null] releasing read lock for product id=urn:usgs-product:admin:trump-testproduct:us-testproduct-one:1565042840653
FINEST	thread=13	[null] released read lock for product id=urn:usgs-product:admin:trump-testproduct:us-testproduct-one:1565042840653
FINER	thread=13	[null] product stored id=urn:usgs-product:admin:trump-testproduct:us-testproduct-one:1565042840653, status=UPDATE
FINEST	thread=13	[null] releasing write lock for product id=urn:usgs-product:admin:trump-testproduct:us-testproduct-one:1565042840653
FINEST	thread=13	[null] released write lock for product id=urn:usgs-product:admin:trump-testproduct:us-testproduct-one:1565042840653
FINEST	thread=13	[null] stored product id=urn:usgs-product:admin:trump-testproduct:us-testproduct-one:1565042840653
FINER	thread=13	[null] summarizing product id=urn:usgs-product:admin:trump-testproduct:us-testproduct-one:1565042840653
FINEST	thread=13	[null] beginning index transaction
FINER	thread=13	[null] finding previous version
FINEST	thread=13	[null] running query 
SELECT DISTINCT id FROM productSummary p WHERE p.id IS NOT NULL AND p.id = (SELECT id FROM productSummary ps WHERE ps.source='admin' AND ps.type='trump-testproduct' AND ps.code='us-testproduct-one' AND ps.status <> 'DELETE' ORDER BY ps.updateTime DESC LIMIT 1) AND source='admin' AND type='trump-testproduct' AND code='us-testproduct-one'
FINEST	thread=13	[null] query complete
FINER	thread=13	[null] finding previous event
FINEST	thread=13	Product Index Query
eventSearchType=SEARCH_EVENT_PRODUCTS
resultType=RESULT_TYPE_ALL
eventSource=us
eventSourceCode=one
FINER	thread=13	[null] adding summary to index
FINEST	thread=13	[null] Added property trump-source:us for product 3
FINEST	thread=13	[null] Added property trump-code:one for product 3
FINEST	thread=13	[null] Added property eventsourcecode:one for product 3
FINEST	thread=13	[null] Added property eventsource:us for product 3
FINEST	thread=13	[null] Added productSummary urn:usgs-product:admin:trump-testproduct:us-testproduct-one:1565042840653, indexid=3 to product index
FINER	thread=13	[null] found existing event indexid=1
FINE	thread=13	Eventindexid=1, eventid=ciuno, latitude=35.0, longitude=-118.0, time=Mon Aug 05 16:07:20 MDT 2019, deleted=false
FINER	thread=13	Products in event
	status=UPDATE, id=urn:usgs-product:us:testproduct:one:1565042840525, eventid=usone, latitude=35.0, longitude=-118.0, time=Mon Aug 05 16:07:20 MDT 2019
	status=UPDATE, id=urn:usgs-product:ci:testproduct:uno:1565042840587, eventid=ciuno, latitude=35.0, longitude=-118.0, time=Mon Aug 05 16:07:20 MDT 2019
FINER	thread=13	[null] Added associations event id=1, productSummary source=admin, type=trump-testproduct, code=us-testproduct-one (id=3)
FINER	thread=13	[null] checking for event splits
FINEST	thread=13	Product Index Query
eventSearchType=SEARCH_EVENT_PREFERRED
resultType=RESULT_TYPE_ALL
minEventTime=Mon Aug 05 16:07:04 MDT 2019
maxEventTime=Mon Aug 05 16:07:36 MDT 2019
minEventLatitude=34.10007199424046075986183268469176255166530609130859375
maxEventLatitude=35.89992800575953924013816731530823744833469390869140625
minEventLongitude=-119.098609241146021986423875205218791961669921875
maxEventLongitude=-116.901390758853978013576124794781208038330078125
FINER	thread=13	[null] checking for event merges
FINEST	thread=13	Product Index Query
eventSearchType=SEARCH_EVENT_PREFERRED
resultType=RESULT_TYPE_ALL
minEventTime=Mon Aug 05 16:07:04 MDT 2019
maxEventTime=Mon Aug 05 16:07:36 MDT 2019
minEventLatitude=34.10007199424046075986183268469176255166530609130859375
maxEventLatitude=35.89992800575953924013816731530823744833469390869140625
minEventLongitude=-119.098609241146021986423875205218791961669921875
maxEventLongitude=-116.901390758853978013576124794781208038330078125
FINER	thread=13	[null] searching for nearby events
FINER	thread=13	[null] search for nearby events complete
FINER	thread=13	[null] searching for unassociated products
FINER	thread=13	[null] search for unassociated products complete
INFO	thread=13	Setting product preferred weight urn:usgs-product:us:testproduct:one:1565042840525, weight 6 (old) => 100000000 (new)
FINER	thread=13	[null] Removed associations event id=1, productSummary source=us, type=testproduct, code=one (id=1)
FINEST	thread=13	[null] Removed productSummary id=1
FINEST	thread=13	[null] Added property latitude:35.0 for product 4
FINEST	thread=13	[null] Added property eventsourcecode:one for product 4
FINEST	thread=13	[null] Added property eventtime:2019-08-05T22:07:20.525Z for product 4
FINEST	thread=13	[null] Added property eventsource:us for product 4
FINEST	thread=13	[null] Added property longitude:-118.0 for product 4
FINEST	thread=13	[null] Added productSummary urn:usgs-product:us:testproduct:one:1565042840525, indexid=4 to product index
FINER	thread=13	[null] Added associations event id=1, productSummary source=us, type=testproduct, code=one (id=4)
FINER	thread=13	[null] updating event summary parameters
FINER	thread=13	[null] Updating event indexid=1
FINE	thread=13	Eventindexid=1, eventid=usone, latitude=35.0, longitude=-118.0, time=Mon Aug 05 16:07:20 MDT 2019, deleted=false
FINER	thread=13	Products in event
	status=UPDATE, id=urn:usgs-product:ci:testproduct:uno:1565042840587, eventid=ciuno, latitude=35.0, longitude=-118.0, time=Mon Aug 05 16:07:20 MDT 2019
	status=UPDATE, id=urn:usgs-product:us:testproduct:one:1565042840525, eventid=usone, latitude=35.0, longitude=-118.0, time=Mon Aug 05 16:07:20 MDT 2019
	status=UPDATE, id=urn:usgs-product:admin:trump-testproduct:us-testproduct-one:1565042840653, eventid=usone, latitude=null, longitude=null, time=null
FINEST	thread=13	[null] Updated event properties in Product Index
FINER	thread=13	[null] committing transaction
FINE	thread=13	[null] notifying listeners
INFO	thread=13	[null] indexed product id=urn:usgs-product:admin:trump-testproduct:us-testproduct-one:1565042840653, status=UPDATE
EVENT_UPDATED usone => usone
FINEST	thread=772	[null] acquiring read lock for product id=urn:usgs-product:admin:trump-testproduct:us-testproduct-one:1565042840653
FINEST	thread=772	[null] acquired read lock for product id=urn:usgs-product:admin:trump-testproduct:us-testproduct-one:1565042840653
FINEST	thread=772	[null] releasing read lock for product id=urn:usgs-product:admin:trump-testproduct:us-testproduct-one:1565042840653
FINEST	thread=772	[null] released read lock for product id=urn:usgs-product:admin:trump-testproduct:us-testproduct-one:1565042840653
FINER	thread=772	[DirectoryProductSource] Product does not have any  URLContent. Scraping directory for files.
FINEST	thread=772	[null] acquiring write lock for product id=urn:usgs-product:admin:trump-testproduct:us-testproduct-one:1565042840653
FINEST	thread=772	[null] acquired write lock for product id=urn:usgs-product:admin:trump-testproduct:us-testproduct-one:1565042840653
FINEST	thread=772	[null] acquiring read lock for product id=urn:usgs-product:admin:trump-testproduct:us-testproduct-one:1565042840653
FINEST	thread=772	[null] acquired read lock for product id=urn:usgs-product:admin:trump-testproduct:us-testproduct-one:1565042840653
FINEST	thread=772	[null] releasing read lock for product id=urn:usgs-product:admin:trump-testproduct:us-testproduct-one:1565042840653
FINEST	thread=772	[null] released read lock for product id=urn:usgs-product:admin:trump-testproduct:us-testproduct-one:1565042840653
FINEST	thread=774	[null] acquiring read lock for product id=urn:usgs-product:admin:trump-testproduct:us-testproduct-one:1565042840653
FINEST	thread=774	[null] acquired read lock for product id=urn:usgs-product:admin:trump-testproduct:us-testproduct-one:1565042840653
FINEST	thread=774	[null] releasing read lock for product id=urn:usgs-product:admin:trump-testproduct:us-testproduct-one:1565042840653
FINEST	thread=774	[null] released read lock for product id=urn:usgs-product:admin:trump-testproduct:us-testproduct-one:1565042840653
FINER	thread=772	[null] product stored id=urn:usgs-product:admin:trump-testproduct:us-testproduct-one:1565042840653, status=UPDATE
FINEST	thread=772	[null] releasing write lock for product id=urn:usgs-product:admin:trump-testproduct:us-testproduct-one:1565042840653
FINEST	thread=772	[null] released write lock for product id=urn:usgs-product:admin:trump-testproduct:us-testproduct-one:1565042840653
FINEST	thread=772	[null] acquiring read lock for product id=urn:usgs-product:admin:trump-testproduct:us-testproduct-one:1565042840653
FINEST	thread=772	[null] acquired read lock for product id=urn:usgs-product:admin:trump-testproduct:us-testproduct-one:1565042840653
FINEST	thread=772	[null] releasing read lock for product id=urn:usgs-product:admin:trump-testproduct:us-testproduct-one:1565042840653
FINEST	thread=772	[null] released read lock for product id=urn:usgs-product:admin:trump-testproduct:us-testproduct-one:1565042840653
FINER	thread=774	[DirectoryProductSource] Product does not have any  URLContent. Scraping directory for files.
FINEST	thread=774	[null] acquiring write lock for product id=urn:usgs-product:admin:trump-testproduct:us-testproduct-one:1565042840653
FINEST	thread=774	[null] acquired write lock for product id=urn:usgs-product:admin:trump-testproduct:us-testproduct-one:1565042840653
FINEST	thread=774	[null] acquiring read lock for product id=urn:usgs-product:admin:trump-testproduct:us-testproduct-one:1565042840653
FINEST	thread=774	[null] acquired read lock for product id=urn:usgs-product:admin:trump-testproduct:us-testproduct-one:1565042840653
FINEST	thread=774	[null] acquiring read lock for product id=urn:usgs-product:admin:trump-testproduct:us-testproduct-one:1565042840653
FINEST	thread=774	[null] acquired read lock for product id=urn:usgs-product:admin:trump-testproduct:us-testproduct-one:1565042840653
FINEST	thread=774	[null] releasing read lock for product id=urn:usgs-product:admin:trump-testproduct:us-testproduct-one:1565042840653
FINEST	thread=774	[null] released read lock for product id=urn:usgs-product:admin:trump-testproduct:us-testproduct-one:1565042840653
FINEST	thread=774	[null] releasing read lock for product id=urn:usgs-product:admin:trump-testproduct:us-testproduct-one:1565042840653
FINEST	thread=774	[null] released read lock for product id=urn:usgs-product:admin:trump-testproduct:us-testproduct-one:1565042840653
FINEST	thread=774	[null] releasing write lock for product id=urn:usgs-product:admin:trump-testproduct:us-testproduct-one:1565042840653
FINEST	thread=774	[null] released write lock for product id=urn:usgs-product:admin:trump-testproduct:us-testproduct-one:1565042840653
INFO	thread=774	[null] product already in storage
FINEST	thread=774	[null] acquiring read lock for product id=urn:usgs-product:admin:trump-testproduct:us-testproduct-one:1565042840653
FINEST	thread=774	[null] acquired read lock for product id=urn:usgs-product:admin:trump-testproduct:us-testproduct-one:1565042840653
FINEST	thread=774	[null] releasing read lock for product id=urn:usgs-product:admin:trump-testproduct:us-testproduct-one:1565042840653
FINEST	thread=774	[null] released read lock for product id=urn:usgs-product:admin:trump-testproduct:us-testproduct-one:1565042840653
FINER	thread=772	[DirectoryProductSource] Product does not have any  URLContent. Scraping directory for files.
FINEST	thread=772	[null] acquiring read lock for product id=urn:usgs-product:admin:trump-testproduct:us-testproduct-one:1565042840653
FINEST	thread=772	[null] acquired read lock for product id=urn:usgs-product:admin:trump-testproduct:us-testproduct-one:1565042840653
FINEST	thread=772	[null] releasing read lock for product id=urn:usgs-product:admin:trump-testproduct:us-testproduct-one:1565042840653
FINEST	thread=772	[null] released read lock for product id=urn:usgs-product:admin:trump-testproduct:us-testproduct-one:1565042840653
FINER	thread=772	[DirectoryProductSource] Product does not have any  URLContent. Scraping directory for files.
FINER	thread=774	[DirectoryProductSource] Product does not have any  URLContent. Scraping directory for files.
INFO	thread=772	[null] running command echo --preferred-eventid=usone --preferred-eventsource=us --preferred-eventsourcecode=one --eventids=ciuno,usone --preferred-magnitude=null --preferred-latitude=35.0 --preferred-longitude=-118.0 --preferred-depth=null --preferred-eventtime=2019-08-05T22:07:20.525Z --directory=/Users/cbass/Projects/pdl/_test_storage_/trump-testproduct/us-testproduct-one/admin/1565042840653 --type=trump-testproduct --code=us-testproduct-one --source=admin --updateTime=2019-08-05T22:07:20.653Z --status=UPDATE --trackerURL=http://localhost/tracker "--property-trump-source=us" "--property-trump-code=one" "--property-eventsourcecode=one" "--property-eventsource=us" --action=EVENT_UPDATED
INFO	thread=772	[null] command 'echo --preferred-eventid=usone --preferred-eventsource=us --preferred-eventsourcecode=one --eventids=ciuno,usone --preferred-magnitude=null --preferred-latitude=35.0 --preferred-longitude=-118.0 --preferred-depth=null --preferred-eventtime=2019-08-05T22:07:20.525Z --directory=/Users/cbass/Projects/pdl/_test_storage_/trump-testproduct/us-testproduct-one/admin/1565042840653 --type=trump-testproduct --code=us-testproduct-one --source=admin --updateTime=2019-08-05T22:07:20.653Z --status=UPDATE --trackerURL=http://localhost/tracker "--property-trump-source=us" "--property-trump-code=one" "--property-eventsourcecode=one" "--property-eventsource=us" --action=EVENT_UPDATED' exited with status '0'
FINEST	thread=13	[null] storing product id=urn:usgs-product:us:testproduct:one:1565042840720
FINEST	thread=13	[null] acquiring write lock for product id=urn:usgs-product:us:testproduct:one:1565042840720
FINEST	thread=13	[null] acquired write lock for product id=urn:usgs-product:us:testproduct:one:1565042840720
FINEST	thread=13	[null] acquiring read lock for product id=urn:usgs-product:us:testproduct:one:1565042840720
FINEST	thread=13	[null] acquired read lock for product id=urn:usgs-product:us:testproduct:one:1565042840720
FINEST	thread=13	[null] releasing read lock for product id=urn:usgs-product:us:testproduct:one:1565042840720
FINEST	thread=13	[null] released read lock for product id=urn:usgs-product:us:testproduct:one:1565042840720
FINER	thread=13	[null] product stored id=urn:usgs-product:us:testproduct:one:1565042840720, status=UPDATE
FINEST	thread=13	[null] releasing write lock for product id=urn:usgs-product:us:testproduct:one:1565042840720
FINEST	thread=13	[null] released write lock for product id=urn:usgs-product:us:testproduct:one:1565042840720
FINEST	thread=13	[null] stored product id=urn:usgs-product:us:testproduct:one:1565042840720
FINER	thread=13	[null] summarizing product id=urn:usgs-product:us:testproduct:one:1565042840720
FINEST	thread=13	[null] beginning index transaction
FINER	thread=13	[null] finding previous version
FINEST	thread=13	[null] running query 
SELECT DISTINCT id FROM productSummary p WHERE p.id IS NOT NULL AND p.id = (SELECT id FROM productSummary ps WHERE ps.source='us' AND ps.type='testproduct' AND ps.code='one' AND ps.status <> 'DELETE' ORDER BY ps.updateTime DESC LIMIT 1) AND source='us' AND type='testproduct' AND code='one'
FINEST	thread=13	[null] query complete
FINER	thread=13	[null] finding previous event
FINEST	thread=13	Product Index Query
eventSearchType=SEARCH_EVENT_PRODUCTS
resultType=RESULT_TYPE_ALL
eventSource=us
eventSourceCode=one
FINEST	thread=13	Product Index Query
eventSearchType=SEARCH_EVENT_PREFERRED
resultType=RESULT_TYPE_ALL
minEventTime=Mon Aug 05 16:07:04 MDT 2019
maxEventTime=Mon Aug 05 16:07:36 MDT 2019
minEventLatitude=34.10007199424046075986183268469176255166530609130859375
maxEventLatitude=35.89992800575953924013816731530823744833469390869140625
minEventLongitude=-119.098609241146021986423875205218791961669921875
maxEventLongitude=-116.901390758853978013576124794781208038330078125
FINER	thread=13	[null] adding summary to index
FINEST	thread=13	[null] Added property eventsourcecode:one for product 5
FINEST	thread=13	[null] Added property eventtime:2019-08-05T22:07:20.525Z for product 5
FINEST	thread=13	[null] Added property eventsource:us for product 5
FINEST	thread=13	[null] Added property latitude:35.0 for product 5
FINEST	thread=13	[null] Added property longitude:-118.0 for product 5
FINEST	thread=13	[null] Added productSummary urn:usgs-product:us:testproduct:one:1565042840720, indexid=5 to product index
FINER	thread=13	[null] found existing event indexid=1
FINE	thread=13	Eventindexid=1, eventid=usone, latitude=35.0, longitude=-118.0, time=Mon Aug 05 16:07:20 MDT 2019, deleted=false
FINER	thread=13	Products in event
	status=UPDATE, id=urn:usgs-product:ci:testproduct:uno:1565042840587, eventid=ciuno, latitude=35.0, longitude=-118.0, time=Mon Aug 05 16:07:20 MDT 2019
	status=UPDATE, id=urn:usgs-product:us:testproduct:one:1565042840525, eventid=usone, latitude=35.0, longitude=-118.0, time=Mon Aug 05 16:07:20 MDT 2019
	status=UPDATE, id=urn:usgs-product:admin:trump-testproduct:us-testproduct-one:1565042840653, eventid=usone, latitude=null, longitude=null, time=null
FINER	thread=13	[null] Added associations event id=1, productSummary source=us, type=testproduct, code=one (id=5)
FINER	thread=13	[null] checking for event splits
FINEST	thread=13	Product Index Query
eventSearchType=SEARCH_EVENT_PREFERRED
resultType=RESULT_TYPE_ALL
minEventTime=Mon Aug 05 16:07:04 MDT 2019
maxEventTime=Mon Aug 05 16:07:36 MDT 2019
minEventLatitude=34.10007199424046075986183268469176255166530609130859375
maxEventLatitude=35.89992800575953924013816731530823744833469390869140625
minEventLongitude=-119.098609241146021986423875205218791961669921875
maxEventLongitude=-116.901390758853978013576124794781208038330078125
FINER	thread=13	[null] checking for event merges
FINEST	thread=13	Product Index Query
eventSearchType=SEARCH_EVENT_PREFERRED
resultType=RESULT_TYPE_ALL
minEventTime=Mon Aug 05 16:07:04 MDT 2019
maxEventTime=Mon Aug 05 16:07:36 MDT 2019
minEventLatitude=34.10007199424046075986183268469176255166530609130859375
maxEventLatitude=35.89992800575953924013816731530823744833469390869140625
minEventLongitude=-119.098609241146021986423875205218791961669921875
maxEventLongitude=-116.901390758853978013576124794781208038330078125
FINER	thread=13	[null] searching for nearby events
FINER	thread=13	[null] search for nearby events complete
FINER	thread=13	[null] searching for unassociated products
FINER	thread=13	[null] search for unassociated products complete
INFO	thread=13	Setting product preferred weight urn:usgs-product:us:testproduct:one:1565042840720, weight 6 (old) => 100000000 (new)
FINER	thread=13	[null] Removed associations event id=1, productSummary source=us, type=testproduct, code=one (id=5)
FINEST	thread=13	[null] Removed productSummary id=5
FINEST	thread=13	[null] Added property eventsourcecode:one for product 6
FINEST	thread=13	[null] Added property eventtime:2019-08-05T22:07:20.525Z for product 6
FINEST	thread=13	[null] Added property eventsource:us for product 6
FINEST	thread=13	[null] Added property latitude:35.0 for product 6
FINEST	thread=13	[null] Added property longitude:-118.0 for product 6
FINEST	thread=13	[null] Added productSummary urn:usgs-product:us:testproduct:one:1565042840720, indexid=6 to product index
FINER	thread=13	[null] Added associations event id=1, productSummary source=us, type=testproduct, code=one (id=6)
FINER	thread=13	[null] updating event summary parameters
FINER	thread=13	[null] Updating event indexid=1
FINE	thread=13	Eventindexid=1, eventid=usone, latitude=35.0, longitude=-118.0, time=Mon Aug 05 16:07:20 MDT 2019, deleted=false
FINER	thread=13	Products in event
	status=UPDATE, id=urn:usgs-product:ci:testproduct:uno:1565042840587, eventid=ciuno, latitude=35.0, longitude=-118.0, time=Mon Aug 05 16:07:20 MDT 2019
	status=UPDATE, id=urn:usgs-product:us:testproduct:one:1565042840720, eventid=usone, latitude=35.0, longitude=-118.0, time=Mon Aug 05 16:07:20 MDT 2019
	status=UPDATE, id=urn:usgs-product:admin:trump-testproduct:us-testproduct-one:1565042840653, eventid=usone, latitude=null, longitude=null, time=null
FINEST	thread=13	[null] Updated event properties in Product Index
FINER	thread=13	[null] committing transaction
FINE	thread=13	[null] notifying listeners
INFO	thread=13	[null] indexed product id=urn:usgs-product:us:testproduct:one:1565042840720, status=UPDATE
EVENT_UPDATED usone => usone
FINEST	thread=774	[null] acquiring read lock for product id=urn:usgs-product:us:testproduct:one:1565042840720
FINEST	thread=774	[null] acquired read lock for product id=urn:usgs-product:us:testproduct:one:1565042840720
FINEST	thread=772	[null] acquiring read lock for product id=urn:usgs-product:us:testproduct:one:1565042840720
FINEST	thread=774	[null] releasing read lock for product id=urn:usgs-product:us:testproduct:one:1565042840720
FINEST	thread=774	[null] released read lock for product id=urn:usgs-product:us:testproduct:one:1565042840720
FINEST	thread=772	[null] acquired read lock for product id=urn:usgs-product:us:testproduct:one:1565042840720
FINEST	thread=772	[null] releasing read lock for product id=urn:usgs-product:us:testproduct:one:1565042840720
FINEST	thread=772	[null] released read lock for product id=urn:usgs-product:us:testproduct:one:1565042840720
FINER	thread=772	[DirectoryProductSource] Product does not have any  URLContent. Scraping directory for files.
FINEST	thread=772	[null] acquiring write lock for product id=urn:usgs-product:us:testproduct:one:1565042840720
FINEST	thread=772	[null] acquired write lock for product id=urn:usgs-product:us:testproduct:one:1565042840720
FINEST	thread=772	[null] acquiring read lock for product id=urn:usgs-product:us:testproduct:one:1565042840720
FINEST	thread=772	[null] acquired read lock for product id=urn:usgs-product:us:testproduct:one:1565042840720
FINEST	thread=772	[null] releasing read lock for product id=urn:usgs-product:us:testproduct:one:1565042840720
FINEST	thread=772	[null] released read lock for product id=urn:usgs-product:us:testproduct:one:1565042840720
FINER	thread=774	[DirectoryProductSource] Product does not have any  URLContent. Scraping directory for files.
FINEST	thread=774	[null] acquiring write lock for product id=urn:usgs-product:us:testproduct:one:1565042840720
FINEST	thread=774	[null] acquired write lock for product id=urn:usgs-product:us:testproduct:one:1565042840720
FINEST	thread=774	[null] acquiring read lock for product id=urn:usgs-product:us:testproduct:one:1565042840720
FINEST	thread=774	[null] acquired read lock for product id=urn:usgs-product:us:testproduct:one:1565042840720
FINEST	thread=774	[null] releasing read lock for product id=urn:usgs-product:us:testproduct:one:1565042840720
FINEST	thread=774	[null] released read lock for product id=urn:usgs-product:us:testproduct:one:1565042840720
FINER	thread=772	[null] product stored id=urn:usgs-product:us:testproduct:one:1565042840720, status=UPDATE
FINEST	thread=772	[null] releasing write lock for product id=urn:usgs-product:us:testproduct:one:1565042840720
FINEST	thread=772	[null] released write lock for product id=urn:usgs-product:us:testproduct:one:1565042840720
FINER	thread=774	[null] product stored id=urn:usgs-product:us:testproduct:one:1565042840720, status=UPDATE
FINEST	thread=772	[null] acquiring read lock for product id=urn:usgs-product:us:testproduct:one:1565042840720
FINEST	thread=774	[null] releasing write lock for product id=urn:usgs-product:us:testproduct:one:1565042840720
FINEST	thread=772	[null] acquired read lock for product id=urn:usgs-product:us:testproduct:one:1565042840720
FINEST	thread=774	[null] released write lock for product id=urn:usgs-product:us:testproduct:one:1565042840720
FINEST	thread=774	[null] acquiring read lock for product id=urn:usgs-product:us:testproduct:one:1565042840720
FINEST	thread=772	[null] releasing read lock for product id=urn:usgs-product:us:testproduct:one:1565042840720
FINEST	thread=774	[null] acquired read lock for product id=urn:usgs-product:us:testproduct:one:1565042840720
FINEST	thread=772	[null] released read lock for product id=urn:usgs-product:us:testproduct:one:1565042840720
FINEST	thread=774	[null] releasing read lock for product id=urn:usgs-product:us:testproduct:one:1565042840720
FINEST	thread=774	[null] released read lock for product id=urn:usgs-product:us:testproduct:one:1565042840720
FINER	thread=774	[DirectoryProductSource] Product does not have any  URLContent. Scraping directory for files.
FINER	thread=772	[DirectoryProductSource] Product does not have any  URLContent. Scraping directory for files.
FINEST	thread=772	[null] acquiring read lock for product id=urn:usgs-product:us:testproduct:one:1565042840720
FINEST	thread=772	[null] acquired read lock for product id=urn:usgs-product:us:testproduct:one:1565042840720
FINEST	thread=772	[null] releasing read lock for product id=urn:usgs-product:us:testproduct:one:1565042840720
FINEST	thread=772	[null] released read lock for product id=urn:usgs-product:us:testproduct:one:1565042840720
FINER	thread=772	[DirectoryProductSource] Product does not have any  URLContent. Scraping directory for files.
INFO	thread=772	[null] running command echo --preferred-eventid=usone --preferred-eventsource=us --preferred-eventsourcecode=one --eventids=ciuno,usone --preferred-magnitude=null --preferred-latitude=35.0 --preferred-longitude=-118.0 --preferred-depth=null --preferred-eventtime=2019-08-05T22:07:20.525Z --directory=/Users/cbass/Projects/pdl/_test_storage_/testproduct/one/us/1565042840720 --type=testproduct --code=one --source=us --updateTime=2019-08-05T22:07:20.720Z --status=UPDATE --trackerURL=http://localhost/tracker "--property-eventsourcecode=one" "--property-eventtime=2019-08-05T22:07:20.525Z" "--property-eventsource=us" "--property-latitude=35.0" "--property-longitude=-118.0" --action=EVENT_UPDATED
INFO	thread=772	[null] command 'echo --preferred-eventid=usone --preferred-eventsource=us --preferred-eventsourcecode=one --eventids=ciuno,usone --preferred-magnitude=null --preferred-latitude=35.0 --preferred-longitude=-118.0 --preferred-depth=null --preferred-eventtime=2019-08-05T22:07:20.525Z --directory=/Users/cbass/Projects/pdl/_test_storage_/testproduct/one/us/1565042840720 --type=testproduct --code=one --source=us --updateTime=2019-08-05T22:07:20.720Z --status=UPDATE --trackerURL=http://localhost/tracker "--property-eventsourcecode=one" "--property-eventtime=2019-08-05T22:07:20.525Z" "--property-eventsource=us" "--property-latitude=35.0" "--property-longitude=-118.0" --action=EVENT_UPDATED' exited with status '0'
FINEST	thread=13	[null] storing product id=urn:usgs-product:admin:trump-testproduct:sc-testproduct-uno:1565042840786
FINEST	thread=13	[null] acquiring write lock for product id=urn:usgs-product:admin:trump-testproduct:sc-testproduct-uno:1565042840786
FINEST	thread=13	[null] acquired write lock for product id=urn:usgs-product:admin:trump-testproduct:sc-testproduct-uno:1565042840786
FINEST	thread=13	[null] acquiring read lock for product id=urn:usgs-product:admin:trump-testproduct:sc-testproduct-uno:1565042840786
FINEST	thread=13	[null] acquired read lock for product id=urn:usgs-product:admin:trump-testproduct:sc-testproduct-uno:1565042840786
FINEST	thread=13	[null] releasing read lock for product id=urn:usgs-product:admin:trump-testproduct:sc-testproduct-uno:1565042840786
FINEST	thread=13	[null] released read lock for product id=urn:usgs-product:admin:trump-testproduct:sc-testproduct-uno:1565042840786
FINER	thread=13	[null] product stored id=urn:usgs-product:admin:trump-testproduct:sc-testproduct-uno:1565042840786, status=UPDATE
FINEST	thread=13	[null] releasing write lock for product id=urn:usgs-product:admin:trump-testproduct:sc-testproduct-uno:1565042840786
FINEST	thread=13	[null] released write lock for product id=urn:usgs-product:admin:trump-testproduct:sc-testproduct-uno:1565042840786
FINEST	thread=13	[null] stored product id=urn:usgs-product:admin:trump-testproduct:sc-testproduct-uno:1565042840786
FINER	thread=13	[null] summarizing product id=urn:usgs-product:admin:trump-testproduct:sc-testproduct-uno:1565042840786
FINEST	thread=13	[null] beginning index transaction
FINER	thread=13	[null] finding previous version
FINEST	thread=13	[null] running query 
SELECT DISTINCT id FROM productSummary p WHERE p.id IS NOT NULL AND p.id = (SELECT id FROM productSummary ps WHERE ps.source='admin' AND ps.type='trump-testproduct' AND ps.code='sc-testproduct-uno' AND ps.status <> 'DELETE' ORDER BY ps.updateTime DESC LIMIT 1) AND source='admin' AND type='trump-testproduct' AND code='sc-testproduct-uno'
FINEST	thread=13	[null] query complete
FINER	thread=13	[null] finding previous event
FINEST	thread=13	Product Index Query
eventSearchType=SEARCH_EVENT_PRODUCTS
resultType=RESULT_TYPE_ALL
eventSource=ci
eventSourceCode=uno
FINER	thread=13	[null] adding summary to index
FINEST	thread=13	[null] Added property trump-source:ci for product 7
FINEST	thread=13	[null] Added property trump-code:uno for product 7
FINEST	thread=13	[null] Added property eventsourcecode:uno for product 7
FINEST	thread=13	[null] Added property eventsource:ci for product 7
FINEST	thread=13	[null] Added productSummary urn:usgs-product:admin:trump-testproduct:sc-testproduct-uno:1565042840786, indexid=7 to product index
FINER	thread=13	[null] found existing event indexid=1
FINE	thread=13	Eventindexid=1, eventid=usone, latitude=35.0, longitude=-118.0, time=Mon Aug 05 16:07:20 MDT 2019, deleted=false
FINER	thread=13	Products in event
	status=UPDATE, id=urn:usgs-product:ci:testproduct:uno:1565042840587, eventid=ciuno, latitude=35.0, longitude=-118.0, time=Mon Aug 05 16:07:20 MDT 2019
	status=UPDATE, id=urn:usgs-product:us:testproduct:one:1565042840525, eventid=usone, latitude=35.0, longitude=-118.0, time=Mon Aug 05 16:07:20 MDT 2019
	status=UPDATE, id=urn:usgs-product:us:testproduct:one:1565042840720, eventid=usone, latitude=35.0, longitude=-118.0, time=Mon Aug 05 16:07:20 MDT 2019
	status=UPDATE, id=urn:usgs-product:admin:trump-testproduct:us-testproduct-one:1565042840653, eventid=usone, latitude=null, longitude=null, time=null
FINER	thread=13	[null] Added associations event id=1, productSummary source=admin, type=trump-testproduct, code=sc-testproduct-uno (id=7)
FINER	thread=13	[null] checking for event splits
FINEST	thread=13	Product Index Query
eventSearchType=SEARCH_EVENT_PREFERRED
resultType=RESULT_TYPE_ALL
minEventTime=Mon Aug 05 16:07:04 MDT 2019
maxEventTime=Mon Aug 05 16:07:36 MDT 2019
minEventLatitude=34.10007199424046075986183268469176255166530609130859375
maxEventLatitude=35.89992800575953924013816731530823744833469390869140625
minEventLongitude=-119.098609241146021986423875205218791961669921875
maxEventLongitude=-116.901390758853978013576124794781208038330078125
FINER	thread=13	[null] checking for event merges
FINEST	thread=13	Product Index Query
eventSearchType=SEARCH_EVENT_PREFERRED
resultType=RESULT_TYPE_ALL
minEventTime=Mon Aug 05 16:07:04 MDT 2019
maxEventTime=Mon Aug 05 16:07:36 MDT 2019
minEventLatitude=34.10007199424046075986183268469176255166530609130859375
maxEventLatitude=35.89992800575953924013816731530823744833469390869140625
minEventLongitude=-119.098609241146021986423875205218791961669921875
maxEventLongitude=-116.901390758853978013576124794781208038330078125
FINER	thread=13	[null] searching for nearby events
FINER	thread=13	[null] search for nearby events complete
FINER	thread=13	[null] searching for unassociated products
FINER	thread=13	[null] search for unassociated products complete
INFO	thread=13	Setting product preferred weight urn:usgs-product:ci:testproduct:uno:1565042840587, weight 156 (old) => 100000000 (new)
FINER	thread=13	[null] Removed associations event id=1, productSummary source=ci, type=testproduct, code=uno (id=2)
FINEST	thread=13	[null] Removed productSummary id=2
FINEST	thread=13	[null] Added property latitude:35.0 for product 8
FINEST	thread=13	[null] Added property eventsourcecode:uno for product 8
FINEST	thread=13	[null] Added property eventtime:2019-08-05T22:07:20.525Z for product 8
FINEST	thread=13	[null] Added property eventsource:ci for product 8
FINEST	thread=13	[null] Added property longitude:-118.0 for product 8
FINEST	thread=13	[null] Added productSummary urn:usgs-product:ci:testproduct:uno:1565042840587, indexid=8 to product index
FINER	thread=13	[null] Added associations event id=1, productSummary source=ci, type=testproduct, code=uno (id=8)
FINER	thread=13	[null] Removed associations event id=1, productSummary source=us, type=testproduct, code=one (id=6)
FINEST	thread=13	[null] Removed productSummary id=6
FINEST	thread=13	[null] acquiring read lock for product id=urn:usgs-product:us:testproduct:one:1565042840720
FINEST	thread=13	[null] acquired read lock for product id=urn:usgs-product:us:testproduct:one:1565042840720
FINEST	thread=13	[null] releasing read lock for product id=urn:usgs-product:us:testproduct:one:1565042840720
FINEST	thread=13	[null] released read lock for product id=urn:usgs-product:us:testproduct:one:1565042840720
FINER	thread=13	[DirectoryProductSource] Product does not have any  URLContent. Scraping directory for files.
INFO	thread=13	Resummarizing product urn:usgs-product:us:testproduct:one:1565042840720, weight 100000000 (old) => 6 (new)
FINEST	thread=13	[null] Added property eventsourcecode:one for product 9
FINEST	thread=13	[null] Added property eventtime:2019-08-05T22:07:20.525Z for product 9
FINEST	thread=13	[null] Added property eventsource:us for product 9
FINEST	thread=13	[null] Added property latitude:35.0 for product 9
FINEST	thread=13	[null] Added property longitude:-118.0 for product 9
FINEST	thread=13	[null] Added productSummary urn:usgs-product:us:testproduct:one:1565042840720, indexid=9 to product index
FINER	thread=13	[null] Added associations event id=1, productSummary source=us, type=testproduct, code=one (id=9)
FINER	thread=13	[null] updating event summary parameters
FINER	thread=13	[null] Updating event indexid=1
FINE	thread=13	Eventindexid=1, eventid=ciuno, latitude=35.0, longitude=-118.0, time=Mon Aug 05 16:07:20 MDT 2019, deleted=false
FINER	thread=13	Products in event
	status=UPDATE, id=urn:usgs-product:ci:testproduct:uno:1565042840587, eventid=ciuno, latitude=35.0, longitude=-118.0, time=Mon Aug 05 16:07:20 MDT 2019
	status=UPDATE, id=urn:usgs-product:us:testproduct:one:1565042840720, eventid=usone, latitude=35.0, longitude=-118.0, time=Mon Aug 05 16:07:20 MDT 2019
	status=UPDATE, id=urn:usgs-product:admin:trump-testproduct:us-testproduct-one:1565042840653, eventid=usone, latitude=null, longitude=null, time=null
	status=UPDATE, id=urn:usgs-product:admin:trump-testproduct:sc-testproduct-uno:1565042840786, eventid=ciuno, latitude=null, longitude=null, time=null
FINEST	thread=13	[null] Updated event properties in Product Index
FINER	thread=13	[null] committing transaction
FINE	thread=13	[null] notifying listeners
INFO	thread=13	[null] indexed product id=urn:usgs-product:admin:trump-testproduct:sc-testproduct-uno:1565042840786, status=UPDATE
EVENT_UPDATED usone => ciuno
FINEST	thread=772	[null] acquiring read lock for product id=urn:usgs-product:admin:trump-testproduct:sc-testproduct-uno:1565042840786
FINEST	thread=774	[null] acquiring read lock for product id=urn:usgs-product:admin:trump-testproduct:sc-testproduct-uno:1565042840786
FINEST	thread=772	[null] acquired read lock for product id=urn:usgs-product:admin:trump-testproduct:sc-testproduct-uno:1565042840786
FINEST	thread=774	[null] acquired read lock for product id=urn:usgs-product:admin:trump-testproduct:sc-testproduct-uno:1565042840786
FINEST	thread=772	[null] releasing read lock for product id=urn:usgs-product:admin:trump-testproduct:sc-testproduct-uno:1565042840786
FINEST	thread=772	[null] released read lock for product id=urn:usgs-product:admin:trump-testproduct:sc-testproduct-uno:1565042840786
FINEST	thread=774	[null] releasing read lock for product id=urn:usgs-product:admin:trump-testproduct:sc-testproduct-uno:1565042840786
FINEST	thread=774	[null] released read lock for product id=urn:usgs-product:admin:trump-testproduct:sc-testproduct-uno:1565042840786
FINER	thread=772	[DirectoryProductSource] Product does not have any  URLContent. Scraping directory for files.
FINER	thread=774	[DirectoryProductSource] Product does not have any  URLContent. Scraping directory for files.
FINEST	thread=772	[null] acquiring write lock for product id=urn:usgs-product:admin:trump-testproduct:sc-testproduct-uno:1565042840786
FINEST	thread=774	[null] acquiring write lock for product id=urn:usgs-product:admin:trump-testproduct:sc-testproduct-uno:1565042840786
FINEST	thread=772	[null] acquired write lock for product id=urn:usgs-product:admin:trump-testproduct:sc-testproduct-uno:1565042840786
FINEST	thread=772	[null] acquiring read lock for product id=urn:usgs-product:admin:trump-testproduct:sc-testproduct-uno:1565042840786
FINEST	thread=774	[null] acquired write lock for product id=urn:usgs-product:admin:trump-testproduct:sc-testproduct-uno:1565042840786
FINEST	thread=772	[null] acquired read lock for product id=urn:usgs-product:admin:trump-testproduct:sc-testproduct-uno:1565042840786
FINEST	thread=774	[null] acquiring read lock for product id=urn:usgs-product:admin:trump-testproduct:sc-testproduct-uno:1565042840786
FINEST	thread=774	[null] acquired read lock for product id=urn:usgs-product:admin:trump-testproduct:sc-testproduct-uno:1565042840786
FINEST	thread=772	[null] releasing read lock for product id=urn:usgs-product:admin:trump-testproduct:sc-testproduct-uno:1565042840786
FINEST	thread=774	[null] releasing read lock for product id=urn:usgs-product:admin:trump-testproduct:sc-testproduct-uno:1565042840786
FINEST	thread=772	[null] released read lock for product id=urn:usgs-product:admin:trump-testproduct:sc-testproduct-uno:1565042840786
FINEST	thread=774	[null] released read lock for product id=urn:usgs-product:admin:trump-testproduct:sc-testproduct-uno:1565042840786
WARNING	thread=774	[null] exception while storing product, removing incomplete product
java.io.IOException: Unable to create directory /Users/cbass/Projects/pdl/_test_storage_/trump-testproduct/sc-testproduct-uno/admin/1565042840786
	at gov.usgs.util.StreamUtils.getOutputStream(StreamUtils.java:153)
	at gov.usgs.util.StreamUtils.getOutputStream(StreamUtils.java:183)
	at gov.usgs.earthquake.product.io.DirectoryProductHandler.onEndProduct(DirectoryProductHandler.java:68)
	at gov.usgs.earthquake.product.io.FilterProductHandler.onEndProduct(FilterProductHandler.java:71)
	at gov.usgs.earthquake.distribution.FileProductStorage$StorageProductOutput.onEndProduct(FileProductStorage.java:855)
	at gov.usgs.earthquake.product.io.ObjectProductSource.sendEndProduct(ObjectProductSource.java:166)
	at gov.usgs.earthquake.product.io.ObjectProductSource.streamTo(ObjectProductSource.java:62)
	at gov.usgs.earthquake.distribution.FileProductStorage.storeProductSource(FileProductStorage.java:693)
	at gov.usgs.earthquake.distribution.FileProductStorage.storeProduct(FileProductStorage.java:675)
	at gov.usgs.earthquake.indexer.ExternalIndexerListener.storeProduct(ExternalIndexerListener.java:196)
	at gov.usgs.earthquake.indexer.ExternalIndexerListener.onIndexerEvent(ExternalIndexerListener.java:131)
[...]
	at java.base/java.util.concurrent.FutureTask.run(FutureTask.java:264)
	at java.base/java.util.concurrent.ThreadPoolExecutor.runWorker(ThreadPoolExecutor.java:1128)
	at java.base/java.util.concurrent.ThreadPoolExecutor$Worker.run(ThreadPoolExecutor.java:628)
	at java.base/java.lang.Thread.run(Thread.java:834)
FINE	thread=1057	Exception: null source=us, type=testproduct, code=one, updateTime=Mon Aug 05 16:07:27 MDT 2019
INFO	thread=1057	Exception executing task
java.lang.NullPointerException
	at gov.usgs.earthquake.product.FileContent.getDirectoryContents(FileContent.java:181)
	at gov.usgs.earthquake.product.FileContent.getDirectoryContents(FileContent.java:158)
	at gov.usgs.earthquake.product.io.DirectoryProductSource.streamTo(DirectoryProductSource.java:91)
	at gov.usgs.earthquake.product.io.ObjectProductHandler.getProduct(ObjectProductHandler.java:172)
	at gov.usgs.earthquake.distribution.FileProductStorage.getProduct(FileProductStorage.java:465)
	at gov.usgs.earthquake.indexer.ExternalIndexerListener.storeProduct(ExternalIndexerListener.java:197)
	at gov.usgs.earthquake.indexer.ExternalIndexerListener.onIndexerEvent(ExternalIndexerListener.java:131)
	at gov.usgs.earthquake.indexer.IndexerListenerCallable.call(IndexerListenerCallable.java:36)
	at gov.usgs.earthquake.indexer.IndexerListenerCallable.call(IndexerListenerCallable.java:12)
	at gov.usgs.util.ExecutorTask.run(ExecutorTask.java:183)
	at java.base/java.util.concurrent.Executors$RunnableAdapter.call(Executors.java:515)
	at java.base/java.util.concurrent.FutureTask.run(FutureTask.java:264)
	at java.base/java.util.concurrent.ThreadPoolExecutor.runWorker(ThreadPoolExecutor.java:1128)
	at java.base/java.util.concurrent.ThreadPoolExecutor$Worker.run(ThreadPoolExecutor.java:628)
	at java.base/java.lang.Thread.run(Thread.java:834)
CONFIG	thread=13	[null] maxTries = 1
CONFIG	thread=13	[null] maxTries = 1
CONFIG	thread=13	[null] timeout = 0ms
CONFIG	thread=13	[null] retry delay = 300000ms
CONFIG	thread=13	[null] process duplicates = false
CONFIG	thread=13	[null] include paths = []
CONFIG	thread=13	[null] exclude paths = []
CONFIG	thread=13	[null] using storage directory /Users/cbass/Projects/pdl/storage
CONFIG	thread=13	[null] loading ArchivePolicy 'testPolicy'
CONFIG	thread=13	[null] archive interval is '500'
CONFIG	thread=13	[null] no indexer modules configured.
CONFIG	thread=13	[null] no indexer listeners configured.
CONFIG	thread=13	[null] Local regions file: regions.json
CONFIG	thread=13	[null] associateUsingCurrentProducts = false
INFO	thread=1073	Archiving disabled
INFO	thread=1073	[null] purged 0 expired events and 0 expired unassociated products.
FINE	thread=13	Digest='9C4r+OT+DLxQzS7LS8Uy5745EIc=' , 2ms
FINE	thread=13	Eventindexid=1, eventid=usabcd1234, latitude=0.0, longitude=0.0, time=Mon Aug 05 16:07:27 MDT 2019, deleted=false
FINE	thread=13	Eventindexid=1, eventid=usabcd1234, latitude=0.0, longitude=0.0, time=Mon Aug 05 16:07:27 MDT 2019, deleted=false
FINE	thread=13	[null] notifying listeners
INFO	thread=13	[null] indexed product id=urn:usgs-product:us:shakemap:abcd1234:1565042847951, status=UPDATE
EVENT_ADDED null => usabcd1234
INFO	thread=1074	[null] running command echo --preferred-eventid=usabcd1234 --preferred-eventsource=us --preferred-eventsourcecode=abcd1234 --eventids=usabcd1234 --preferred-magnitude=null --preferred-latitude=0.0 --preferred-longitude=0.0 --preferred-depth=null --preferred-eventtime=2019-08-05T22:07:27.953Z --directory=/Users/cbass/Projects/pdl/_test_storage_/shakemap/abcd1234/us/1565042847951 --type=shakemap --code=abcd1234 --source=us --updateTime=2019-08-05T22:07:27.951Z --status=UPDATE --trackerURL=http://localhost/tracker "--property-testprop=testvalue" "--property-latitude=0.0" "--property-eventsourcecode=abcd1234" "--property-eventtime=2019-08-05T22:07:27.953Z" "--property-eventsource=us" "--property-longitude=0.0" --link-testrelation=http://google.com/ --content --contentType=text/html --signature=MCwCFCpOAdzqL/PimqQRsZkBso9CfI2kAhRGxUDXWGGnIMzzIAOMnCCJpW3fOg== --action=EVENT_ADDED
INFO	thread=1075	[null] running command echo --preferred-eventid=usabcd1234 --preferred-eventsource=us --preferred-eventsourcecode=abcd1234 --eventids=usabcd1234 --preferred-magnitude=null --preferred-latitude=0.0 --preferred-longitude=0.0 --preferred-depth=null --preferred-eventtime=2019-08-05T22:07:27.953Z --directory=/Users/cbass/Projects/pdl/_test_storage_/shakemap/abcd1234/us/1565042847951 --type=shakemap --code=abcd1234 --source=us --updateTime=2019-08-05T22:07:27.951Z --status=UPDATE --trackerURL=http://localhost/tracker "--property-testprop=testvalue" "--property-latitude=0.0" "--property-eventsourcecode=abcd1234" "--property-eventtime=2019-08-05T22:07:27.953Z" "--property-eventsource=us" "--property-longitude=0.0" --link-testrelation=http://google.com/ --content --contentType=text/html --signature=MCwCFCpOAdzqL/PimqQRsZkBso9CfI2kAhRGxUDXWGGnIMzzIAOMnCCJpW3fOg== --action=EVENT_ADDED
INFO	thread=1074	[null] command 'echo --preferred-eventid=usabcd1234 --preferred-eventsource=us --preferred-eventsourcecode=abcd1234 --eventids=usabcd1234 --preferred-magnitude=null --preferred-latitude=0.0 --preferred-longitude=0.0 --preferred-depth=null --preferred-eventtime=2019-08-05T22:07:27.953Z --directory=/Users/cbass/Projects/pdl/_test_storage_/shakemap/abcd1234/us/1565042847951 --type=shakemap --code=abcd1234 --source=us --updateTime=2019-08-05T22:07:27.951Z --status=UPDATE --trackerURL=http://localhost/tracker "--property-testprop=testvalue" "--property-latitude=0.0" "--property-eventsourcecode=abcd1234" "--property-eventtime=2019-08-05T22:07:27.953Z" "--property-eventsource=us" "--property-longitude=0.0" --link-testrelation=http://google.com/ --content --contentType=text/html --signature=MCwCFCpOAdzqL/PimqQRsZkBso9CfI2kAhRGxUDXWGGnIMzzIAOMnCCJpW3fOg== --action=EVENT_ADDED' exited with status '0'
INFO	thread=1075	[null] command 'echo --preferred-eventid=usabcd1234 --preferred-eventsource=us --preferred-eventsourcecode=abcd1234 --eventids=usabcd1234 --preferred-magnitude=null --preferred-latitude=0.0 --preferred-longitude=0.0 --preferred-depth=null --preferred-eventtime=2019-08-05T22:07:27.953Z --directory=/Users/cbass/Projects/pdl/_test_storage_/shakemap/abcd1234/us/1565042847951 --type=shakemap --code=abcd1234 --source=us --updateTime=2019-08-05T22:07:27.951Z --status=UPDATE --trackerURL=http://localhost/tracker "--property-testprop=testvalue" "--property-latitude=0.0" "--property-eventsourcecode=abcd1234" "--property-eventtime=2019-08-05T22:07:27.953Z" "--property-eventsource=us" "--property-longitude=0.0" --link-testrelation=http://google.com/ --content --contentType=text/html --signature=MCwCFCpOAdzqL/PimqQRsZkBso9CfI2kAhRGxUDXWGGnIMzzIAOMnCCJpW3fOg== --action=EVENT_ADDED' exited with status '0'
Mon Aug 05 16:07:28 MDT 2019
FINE	thread=13	Digest='PhSwsuvPOeCWNNUH1jHbWsIjk3I=' , 2ms
FINE	thread=13	Eventindexid=1, eventid=usabcd1234, latitude=0.0, longitude=0.0, time=Mon Aug 05 16:07:27 MDT 2019, deleted=false
FINE	thread=13	Eventindexid=1, eventid=usabcd1234, latitude=0.0, longitude=0.0, time=Mon Aug 05 16:07:27 MDT 2019, deleted=false
FINE	thread=13	[null] notifying listeners
INFO	thread=13	[null] indexed product id=urn:usgs-product:us:pager:abcd1234:1565042848016, status=UPDATE
EVENT_UPDATED usabcd1234 => usabcd1234
INFO	thread=1075	[null] running command echo --preferred-eventid=usabcd1234 --preferred-eventsource=us --preferred-eventsourcecode=abcd1234 --eventids=usabcd1234 --preferred-magnitude=null --preferred-latitude=0.0 --preferred-longitude=0.0 --preferred-depth=null --preferred-eventtime=2019-08-05T22:07:27.953Z --directory=/Users/cbass/Projects/pdl/_test_storage_/pager/abcd1234/us/1565042848016 --type=pager --code=abcd1234 --source=us --updateTime=2019-08-05T22:07:28.016Z --status=UPDATE --trackerURL=http://localhost/tracker "--property-eventsourcecode=abcd1234" "--property-eventsource=us" "--property-testprop=testvalue" --link-testrelation=http://google.com/ --content --contentType=text/html --signature=MCwCFHyTJKjf8zASmggY+h1pEwL4FZCoAhQiI7xixDAo+hyNPnM3bfw/MWsYzA== --action=EVENT_UPDATED
INFO	thread=1075	[null] command 'echo --preferred-eventid=usabcd1234 --preferred-eventsource=us --preferred-eventsourcecode=abcd1234 --eventids=usabcd1234 --preferred-magnitude=null --preferred-latitude=0.0 --preferred-longitude=0.0 --preferred-depth=null --preferred-eventtime=2019-08-05T22:07:27.953Z --directory=/Users/cbass/Projects/pdl/_test_storage_/pager/abcd1234/us/1565042848016 --type=pager --code=abcd1234 --source=us --updateTime=2019-08-05T22:07:28.016Z --status=UPDATE --trackerURL=http://localhost/tracker "--property-eventsourcecode=abcd1234" "--property-eventsource=us" "--property-testprop=testvalue" --link-testrelation=http://google.com/ --content --contentType=text/html --signature=MCwCFHyTJKjf8zASmggY+h1pEwL4FZCoAhQiI7xixDAo+hyNPnM3bfw/MWsYzA== --action=EVENT_UPDATED' exited with status '0'
FINE	thread=13	Digest='Hc1+anW7WcU+Y2r4xuVD9LfTJXo=' , 1ms
FINE	thread=13	Eventindexid=1, eventid=usabcd1234, latitude=0.0, longitude=0.0, time=Mon Aug 05 16:07:27 MDT 2019, deleted=false
FINE	thread=13	Eventindexid=1, eventid=usabcd1234, latitude=0.0, longitude=0.0, time=Mon Aug 05 16:07:27 MDT 2019, deleted=false
FINE	thread=13	[null] notifying listeners
INFO	thread=13	[null] indexed product id=urn:usgs-product:us:pager:abcd1234:1565042848079, status=UPDATE
EVENT_UPDATED usabcd1234 => usabcd1234
WARNING	thread=1074	[null] exception while storing product, removing incomplete product
java.io.IOException: Written file length (90) does not match non-zero content length (90)
	at gov.usgs.earthquake.product.FileContent.<init>(FileContent.java:123)
	at gov.usgs.earthquake.product.io.DirectoryProductHandler.onContent(DirectoryProductHandler.java:51)
	at gov.usgs.earthquake.product.io.FilterProductHandler.onContent(FilterProductHandler.java:64)
	at gov.usgs.earthquake.product.io.ObjectProductSource.sendContents(ObjectProductSource.java:141)
	at gov.usgs.earthquake.product.io.ObjectProductSource.streamTo(ObjectProductSource.java:60)
	at gov.usgs.earthquake.distribution.FileProductStorage.storeProductSource(FileProductStorage.java:693)
	at gov.usgs.earthquake.distribution.FileProductStorage.storeProduct(FileProductStorage.java:675)
	at gov.usgs.earthquake.indexer.ExternalIndexerListener.storeProduct(ExternalIndexerListener.java:196)
	at gov.usgs.earthquake.indexer.ExternalIndexerListener.onIndexerEvent(ExternalIndexerListener.java:131)
	at gov.usgs.earthquake.indexer.IndexerListenerCallable.call(IndexerListenerCallable.java:36)
	at gov.usgs.earthquake.indexer.IndexerListenerCallable.call(IndexerListenerCallable.java:12)
	at gov.usgs.util.ExecutorTask.run(ExecutorTask.java:183)
	at java.base/java.util.concurrent.Executors$RunnableAdapter.call(Executors.java:515)
	at java.base/java.util.concurrent.FutureTask.run(FutureTask.java:264)
	at java.base/java.util.concurrent.ThreadPoolExecutor.runWorker(ThreadPoolExecutor.java:1128)
	at java.base/java.util.concurrent.ThreadPoolExecutor$Worker.run(ThreadPoolExecutor.java:628)
	at java.base/java.lang.Thread.run(Thread.java:834)
WARNING	thread=1074	[null] listener (null) threw exception, for product id=urn:usgs-product:us:pager:abcd1234:1565042848079
java.io.IOException: Written file length (90) does not match non-zero content length (90)
	at gov.usgs.earthquake.product.FileContent.<init>(FileContent.java:123)
	at gov.usgs.earthquake.product.io.DirectoryProductHandler.onContent(DirectoryProductHandler.java:51)
	at gov.usgs.earthquake.product.io.FilterProductHandler.onContent(FilterProductHandler.java:64)
	at gov.usgs.earthquake.product.io.ObjectProductSource.sendContents(ObjectProductSource.java:141)
	at gov.usgs.earthquake.product.io.ObjectProductSource.streamTo(ObjectProductSource.java:60)
	at gov.usgs.earthquake.distribution.FileProductStorage.storeProductSource(FileProductStorage.java:693)
	at gov.usgs.earthquake.distribution.FileProductStorage.storeProduct(FileProductStorage.java:675)
	at gov.usgs.earthquake.indexer.ExternalIndexerListener.storeProduct(ExternalIndexerListener.java:196)
	at gov.usgs.earthquake.indexer.ExternalIndexerListener.onIndexerEvent(ExternalIndexerListener.java:131)
	at gov.usgs.earthquake.indexer.IndexerListenerCallable.call(IndexerListenerCallable.java:36)
	at gov.usgs.earthquake.indexer.IndexerListenerCallable.call(IndexerListenerCallable.java:12)
	at gov.usgs.util.ExecutorTask.run(ExecutorTask.java:183)
	at java.base/java.util.concurrent.Executors$RunnableAdapter.call(Executors.java:515)
	at java.base/java.util.concurrent.FutureTask.run(FutureTask.java:264)
	at java.base/java.util.concurrent.ThreadPoolExecutor.runWorker(ThreadPoolExecutor.java:1128)
	at java.base/java.util.concurrent.ThreadPoolExecutor$Worker.run(ThreadPoolExecutor.java:628)
	at java.base/java.lang.Thread.run(Thread.java:834)
FINE	thread=1074	Exception: Written file length (90) does not match non-zero content length (90) source=us, type=pager, code=abcd1234, updateTime=Mon Aug 05 16:07:28 MDT 2019
INFO	thread=1074	Exception executing task
java.io.IOException: Written file length (90) does not match non-zero content length (90)
	at gov.usgs.earthquake.product.FileContent.<init>(FileContent.java:123)
	at gov.usgs.earthquake.product.io.DirectoryProductHandler.onContent(DirectoryProductHandler.java:51)
	at gov.usgs.earthquake.product.io.FilterProductHandler.onContent(FilterProductHandler.java:64)
	at gov.usgs.earthquake.product.io.ObjectProductSource.sendContents(ObjectProductSource.java:141)
	at gov.usgs.earthquake.product.io.ObjectProductSource.streamTo(ObjectProductSource.java:60)
	at gov.usgs.earthquake.distribution.FileProductStorage.storeProductSource(FileProductStorage.java:693)
	at gov.usgs.earthquake.distribution.FileProductStorage.storeProduct(FileProductStorage.java:675)
	at gov.usgs.earthquake.indexer.ExternalIndexerListener.storeProduct(ExternalIndexerListener.java:196)
	at gov.usgs.earthquake.indexer.ExternalIndexerListener.onIndexerEvent(ExternalIndexerListener.java:131)
	at gov.usgs.earthquake.indexer.IndexerListenerCallable.call(IndexerListenerCallable.java:36)
	at gov.usgs.earthquake.indexer.IndexerListenerCallable.call(IndexerListenerCallable.java:12)
	at gov.usgs.util.ExecutorTask.run(ExecutorTask.java:183)
	at java.base/java.util.concurrent.Executors$RunnableAdapter.call(Executors.java:515)
	at java.base/java.util.concurrent.FutureTask.run(FutureTask.java:264)
	at java.base/java.util.concurrent.ThreadPoolExecutor.runWorker(ThreadPoolExecutor.java:1128)
	at java.base/java.util.concurrent.ThreadPoolExecutor$Worker.run(ThreadPoolExecutor.java:628)
	at java.base/java.lang.Thread.run(Thread.java:834)
INFO	thread=1075	[null] running command echo --preferred-eventid=usabcd1234 --preferred-eventsource=us --preferred-eventsourcecode=abcd1234 --eventids=usabcd1234 --preferred-magnitude=null --preferred-latitude=0.0 --preferred-longitude=0.0 --preferred-depth=null --preferred-eventtime=2019-08-05T22:07:27.953Z --type=pager --code=abcd1234 --source=us --updateTime=2019-08-05T22:07:28.079Z --status=UPDATE --trackerURL=http://localhost/tracker "--property-eventsourcecode=abcd1234" "--property-eventsource=us" "--property-testprop=testvalue" --link-testrelation=http://google.com/ --action=EVENT_UPDATED
INFO	thread=1075	[null] command 'echo --preferred-eventid=usabcd1234 --preferred-eventsource=us --preferred-eventsourcecode=abcd1234 --eventids=usabcd1234 --preferred-magnitude=null --preferred-latitude=0.0 --preferred-longitude=0.0 --preferred-depth=null --preferred-eventtime=2019-08-05T22:07:27.953Z --type=pager --code=abcd1234 --source=us --updateTime=2019-08-05T22:07:28.079Z --status=UPDATE --trackerURL=http://localhost/tracker "--property-eventsourcecode=abcd1234" "--property-eventsource=us" "--property-testprop=testvalue" --link-testrelation=http://google.com/ --action=EVENT_UPDATED' exited with status '0'
Enabling archive policy
FINE	thread=1073	[null] running event archive policy (null)
INFO	thread=1073	[null] archiving event usabcd1234
FINE	thread=1073	Eventindexid=1, eventid=usabcd1234, latitude=0.0, longitude=0.0, time=Mon Aug 05 16:07:27 MDT 2019, deleted=false
FINE	thread=1073	[null] event summary was null. This probably means the archive policy is notifying of an archived event.
FINE	thread=1074	Exception retreiving product from storage, probably archiving
java.lang.NullPointerException
	at gov.usgs.earthquake.indexer.ExternalIndexerListener.getProductSummaryCommand(ExternalIndexerListener.java:318)
	at gov.usgs.earthquake.indexer.ExternalIndexerListener.getProductSummaryCommand(ExternalIndexerListener.java:287)
	at gov.usgs.earthquake.indexer.ExternalIndexerListener.onIndexerEvent(ExternalIndexerListener.java:143)
	at gov.usgs.earthquake.indexer.IndexerListenerCallable.call(IndexerListenerCallable.java:36)
	at gov.usgs.earthquake.indexer.IndexerListenerCallable.call(IndexerListenerCallable.java:12)
	at gov.usgs.util.ExecutorTask.run(ExecutorTask.java:183)
	at java.base/java.util.concurrent.Executors$RunnableAdapter.call(Executors.java:515)
	at java.base/java.util.concurrent.FutureTask.run(FutureTask.java:264)
	at java.base/java.util.concurrent.ThreadPoolExecutor.runWorker(ThreadPoolExecutor.java:1128)
	at java.base/java.util.concurrent.ThreadPoolExecutor$Worker.run(ThreadPoolExecutor.java:628)
	at java.base/java.lang.Thread.run(Thread.java:834)
INFO	thread=1073	[null] purged 1 expired events and 0 expired unassociated products.
INFO	thread=1074	[null] running command echo --preferred-eventid=usabcd1234 --preferred-eventsource=us --preferred-eventsourcecode=abcd1234 --eventids=usabcd1234 --preferred-magnitude=null --preferred-latitude=0.0 --preferred-longitude=0.0 --preferred-depth=null --preferred-eventtime=2019-08-05T22:07:27.953Z --action=EVENT_ARCHIVED
FINE	thread=1075	Exception retreiving product from storage, probably archiving
java.lang.NullPointerException
	at gov.usgs.earthquake.indexer.ExternalIndexerListener.getProductSummaryCommand(ExternalIndexerListener.java:318)
	at gov.usgs.earthquake.indexer.ExternalIndexerListener.getProductSummaryCommand(ExternalIndexerListener.java:287)
	at gov.usgs.earthquake.indexer.ExternalIndexerListener.onIndexerEvent(ExternalIndexerListener.java:143)
	at gov.usgs.earthquake.indexer.IndexerListenerCallable.call(IndexerListenerCallable.java:36)
	at gov.usgs.earthquake.indexer.IndexerListenerCallable.call(IndexerListenerCallable.java:12)
	at gov.usgs.util.ExecutorTask.run(ExecutorTask.java:183)
	at java.base/java.util.concurrent.Executors$RunnableAdapter.call(Executors.java:515)
	at java.base/java.util.concurrent.FutureTask.run(FutureTask.java:264)
	at java.base/java.util.concurrent.ThreadPoolExecutor.runWorker(ThreadPoolExecutor.java:1128)
	at java.base/java.util.concurrent.ThreadPoolExecutor$Worker.run(ThreadPoolExecutor.java:628)
	at java.base/java.lang.Thread.run(Thread.java:834)
INFO	thread=1075	[null] running command echo --preferred-eventid=usabcd1234 --preferred-eventsource=us --preferred-eventsourcecode=abcd1234 --eventids=usabcd1234 --preferred-magnitude=null --preferred-latitude=0.0 --preferred-longitude=0.0 --preferred-depth=null --preferred-eventtime=2019-08-05T22:07:27.953Z --action=EVENT_ARCHIVED
INFO	thread=1074	[null] command 'echo --preferred-eventid=usabcd1234 --preferred-eventsource=us --preferred-eventsourcecode=abcd1234 --eventids=usabcd1234 --preferred-magnitude=null --preferred-latitude=0.0 --preferred-longitude=0.0 --preferred-depth=null --preferred-eventtime=2019-08-05T22:07:27.953Z --action=EVENT_ARCHIVED' exited with status '0'
INFO	thread=1075	[null] command 'echo --preferred-eventid=usabcd1234 --preferred-eventsource=us --preferred-eventsourcecode=abcd1234 --eventids=usabcd1234 --preferred-magnitude=null --preferred-latitude=0.0 --preferred-longitude=0.0 --preferred-depth=null --preferred-eventtime=2019-08-05T22:07:27.953Z --action=EVENT_ARCHIVED' exited with status '0'
Done archiving
]]></system-err>
</testsuite>
