<?xml version="1.0" encoding="UTF-8"?>
<testsuite name="gov.usgs.earthquake.indexer.IndexerSourceAndCodeNotUniqueTest" tests="1" skipped="0" failures="0" errors="0" timestamp="2019-08-05T22:07:20" hostname="igskcicgwsgm015" time="0.232">
  <properties/>
  <testcase name="sourceAndCodeNotUniqueTestci37645983" classname="gov.usgs.earthquake.indexer.IndexerSourceAndCodeNotUniqueTest" time="0.232"/>
  <system-out><![CDATA[]]></system-out>
  <system-err><![CDATA[
###
Mon Aug 05 16:07:20 MDT 2019
INFO	thread=13	[null] indexed product id=urn:usgs-product:ci:origin:ci37645983:1494867948050, status=UPDATE
EVENT_ADDED null => ci37645983
EVENT_ADDED
INFO	thread=13	[null] indexed product id=urn:usgs-product:ci:origin:ci37645983:1494868047790, status=UPDATE
EVENT_UPDATED ci37645983 => ci37645983
EVENT_UPDATED
INFO	thread=13	[null] indexed product id=urn:usgs-product:ci:origin:ci37645991:1494868066040, status=UPDATE
EVENT_ADDED null => ci37645991
EVENT_ADDED
INFO	thread=13	[null] indexed product id=urn:usgs-product:ci:origin:ci37645991:1494874160300, status=DELETE
EVENT_DELETED ci37645991 => ci37645991
EVENT_DELETED
INFO	thread=13	[null] indexed product id=urn:usgs-product:ci:origin:ci37645991:1494874160350, status=DELETE
EVENT_DELETED ci37645991 => ci37645991
EVENT_DELETED
INFO	thread=13	[null] indexed product id=urn:usgs-product:ci:origin:ci37645991:1494874160800, status=DELETE
EVENT_DELETED ci37645991 => ci37645991
EVENT_DELETED
INFO	thread=13	[null] indexed product id=urn:usgs-product:ci:origin:ci37645991:1494874160830, status=DELETE
EVENT_DELETED ci37645991 => ci37645991
EVENT_DELETED
INFO	thread=13	[null] indexed product id=urn:usgs-product:ci:origin:ci37645983:1494874177010, status=DELETE
EVENT_DELETED ci37645983 => ci37645983
EVENT_DELETED
INFO	thread=13	[null] indexed product id=urn:usgs-product:ci:origin:ci37645983:1494874177050, status=DELETE
EVENT_DELETED ci37645983 => ci37645983
EVENT_DELETED
INFO	thread=13	[null] indexed product id=urn:usgs-product:ci:origin:ci37645983:1494874177480, status=DELETE
EVENT_DELETED ci37645983 => ci37645983
EVENT_DELETED
INFO	thread=13	[null] indexed product id=urn:usgs-product:ci:origin:ci37645983:1494874177530, status=DELETE
EVENT_DELETED ci37645983 => ci37645983
EVENT_DELETED
INFO	thread=13	[null] indexed product id=urn:usgs-product:ci:origin:ci37645983:1494874177890, status=DELETE
EVENT_DELETED ci37645983 => ci37645983
EVENT_DELETED
INFO	thread=13	[null] indexed product id=urn:usgs-product:ci:origin:ci37645983:1494892985010, status=UPDATE
EVENT_UPDATED ci37645983 => ci37645983
EVENT_UPDATED
INFO	thread=13	[null] indexed product id=urn:usgs-product:ci:origin:ci37645991:1494893051170, status=DELETE
EVENT_DELETED ci37645991 => ci37645991
EVENT_DELETED
INFO	thread=13	[null] indexed product id=urn:usgs-product:ci:origin:ci37645991:1494893051860, status=DELETE
EVENT_DELETED ci37645991 => ci37645991
EVENT_DELETED
]]></system-err>
</testsuite>
